#
# A fatal error has been detected by the Java Runtime Environment:
#
#  SIGBUS (0xa) at pc=0x0000000103c8deb9, pid=2152, tid=5895
#
# JRE version: Java(TM) SE Runtime Environment (8.0_51-b16) (build 1.8.0_51-b16)
# Java VM: Java HotSpot(TM) 64-Bit Server VM (25.51-b03 mixed mode bsd-amd64 compressed oops)
# Problematic frame:
# C  [libzip.dylib+0x2eb9]  newEntry+0x154
#
# Failed to write core dump. Core dumps have been disabled. To enable core dumping, try "ulimit -c unlimited" before starting Java again
#
# If you would like to submit a bug report, please visit:
#   http://bugreport.java.com/bugreport/crash.jsp
# The crash happened outside the Java Virtual Machine in native code.
# See problematic frame for where to report the bug.
#

---------------  T H R E A D  ---------------

Current thread (0x00007fb9ac00d800):  JavaThread "main" [_thread_in_native, id=5895, stack(0x0000000103b3c000,0x0000000103c3c000)]

siginfo: si_signo: 10 (SIGBUS), si_code: 2 (BUS_ADRERR), si_addr: 0x0000000118c75d3e

Registers:
RAX=0x00007fb9abc29750, RBX=0x0000000118c75d32, RCX=0x0000000000000001, RDX=0x0000000000000808
RSP=0x0000000103c39090, RBP=0x0000000103c390f0, RSI=0x00007fb9abd00000, RDI=0x0000000102af1a00
R8 =0x0000000000000004, R9 =0x00000000fffffff0, R10=0x0000000103dec398, R11=0xfffffff94c912026
R12=0x00007fb9ac07f200, R13=0x000000000000a300, R14=0x00000000b990a8ca, R15=0x00007fb9abf9cd20
RIP=0x0000000103c8deb9, EFLAGS=0x0000000000010202, ERR=0x0000000000000004
  TRAPNO=0x000000000000000e

Top of Stack: (sp=0x0000000103c39090)
0x0000000103c39090:   000000000000002d 0000000003c39228
0x0000000103c390a0:   00000001031c366a 00000000ffffffd3
0x0000000103c390b0:   0000000103c390d0 00007fb9abc29750
0x0000000103c390c0:   00007fb9abd8a9f0 00007fb9abc29750
0x0000000103c390d0:   00007fb9ac07f200 000000000000a300
0x0000000103c390e0:   00000000b990a8ca 00007fb9abf9cd20
0x0000000103c390f0:   0000000103c39150 0000000103c8e554
0x0000000103c39100:   0000000103c39194 0000000103c39193
0x0000000103c39110:   0000002400000000 000000250100d800
0x0000000103c39120:   0000000103c3916e 0000000103c395b8
0x0000000103c39130:   0000000000000025 0000000103c3916e
0x0000000103c39140:   00007fb9abc29750 00007fb9ac00d9f8
0x0000000103c39150:   0000000103c395a0 0000000103c8d34f
0x0000000103c39160:   00000001031c366a 726f000000000001
0x0000000103c39170:   6e6f687479702f67 472f726c746e612f
0x0000000103c39180:   634172616d6d6172 6c632e736e6f6974
0x0000000103c39190:   0000000100737361 0000000000000001
0x0000000103c391a0:   0000000103c395d0 00007fff8bec5ecd
0x0000000103c391b0:   0000000000000000 000000000000002d
0x0000000103c391c0:   0000002d0318c261 0000000103c39c70
0x0000000103c391d0:   00007fff75cac6b8 00000000ffffffff
0x0000000103c391e0:   0000000700000000 0000003203e002ec
0x0000000103c391f0:   0000000000000001 00000001031c3668
0x0000000103c39200:   ffffffce00000bff 0000000000000001
0x0000000103c39210:   00007fff8bf06999 0000000000000032
0x0000000103c39220:   00000007b7326d78 0000000103f73342
0x0000000103c39230:   00000007b7326bf0 0000001000000000
0x0000000103c39240:   00000007b7326d60 00000001040fd41c
0x0000000103c39250:   00000007b7736620 00000007b7326d60
0x0000000103c39260:   0000000103c396b0 0000000000000000
0x0000000103c39270:   0000000000000000 0000000000000032
0x0000000103c39280:   00000007b7736260 0000000103e886bc 

Instructions: (pc=0x0000000103c8deb9)
0x0000000103c8de99:   49 8b 7f 38 e8 50 1b 00 00 4d 89 77 38 49 89 5f
0x0000000103c8dea9:   40 4c 89 f0 48 85 c0 0f 84 11 05 00 00 48 89 c3
0x0000000103c8deb9:   0f b6 43 0c 0f b6 4b 0d 48 c1 e1 08 48 01 c1 0f
0x0000000103c8dec9:   b6 43 0e 0f b6 53 0f 48 c1 e2 08 48 01 c2 48 c1 

Register to memory mapping:

RAX=0x00007fb9abc29750 is an unknown value
RBX=0x0000000118c75d32 is an unknown value
RCX=0x0000000000000001 is an unknown value
RDX=0x0000000000000808 is an unknown value
RSP=0x0000000103c39090 is pointing into the stack for thread: 0x00007fb9ac00d800
RBP=0x0000000103c390f0 is pointing into the stack for thread: 0x00007fb9ac00d800
RSI=0x00007fb9abd00000 is an unknown value
RDI=0x0000000102af1a00 is an unknown value
R8 =0x0000000000000004 is an unknown value
R9 =0x00000000fffffff0 is an unknown value
R10=0x0000000103dec398 is at entry_point+88 in (nmethod*)0x0000000103dec1d0
R11=0xfffffff94c912026 is an unknown value
R12=0x00007fb9ac07f200 is an unknown value
R13=0x000000000000a300 is an unknown value
R14=0x00000000b990a8ca is an unknown value
R15=0x00007fb9abf9cd20 is an unknown value


Stack: [0x0000000103b3c000,0x0000000103c3c000],  sp=0x0000000103c39090,  free space=1012k
Native frames: (J=compiled Java code, j=interpreted, Vv=VM code, C=native code)
C  [libzip.dylib+0x2eb9]  newEntry+0x154
C  [libzip.dylib+0x3554]  ZIP_GetEntry2+0xd4
C  [libzip.dylib+0x234f]  Java_java_util_zip_ZipFile_getEntry+0xcf
J 172  java.util.zip.ZipFile.getEntry(J[BZ)J (0 bytes) @ 0x0000000103dec40e [0x0000000103dec340+0xce]
J 1325 C2 sun.misc.URLClassPath$JarLoader.getResource(Ljava/lang/String;Z)Lsun/misc/Resource; (85 bytes) @ 0x0000000104112bf8 [0x0000000104112840+0x3b8]

Java frames: (J=compiled Java code, j=interpreted, Vv=VM code)
J 172  java.util.zip.ZipFile.getEntry(J[BZ)J (0 bytes) @ 0x0000000103dec398 [0x0000000103dec340+0x58]
J 1325 C2 sun.misc.URLClassPath$JarLoader.getResource(Ljava/lang/String;Z)Lsun/misc/Resource; (85 bytes) @ 0x0000000104112bf8 [0x0000000104112840+0x3b8]
J 716 C2 sun.misc.URLClassPath.getResource(Ljava/lang/String;Z)Lsun/misc/Resource; (83 bytes) @ 0x0000000103f84b30 [0x0000000103f84a40+0xf0]
J 239 C1 java.net.URLClassLoader$1.run()Ljava/lang/Class; (63 bytes) @ 0x0000000103e0b17c [0x0000000103e0af60+0x21c]
J 238 C1 java.net.URLClassLoader$1.run()Ljava/lang/Object; (5 bytes) @ 0x0000000103e0abcc [0x0000000103e0ab40+0x8c]
v  ~StubRoutines::call_stub
J 237  java.security.AccessController.doPrivileged(Ljava/security/PrivilegedExceptionAction;Ljava/security/AccessControlContext;)Ljava/lang/Object; (0 bytes) @ 0x0000000103e08aa3 [0x0000000103e08a40+0x63]
J 204 C1 java.net.URLClassLoader.findClass(Ljava/lang/String;)Ljava/lang/Class; (47 bytes) @ 0x0000000103dfc854 [0x0000000103dfc6c0+0x194]
J 165 C1 java.lang.ClassLoader.loadClass(Ljava/lang/String;Z)Ljava/lang/Class; (122 bytes) @ 0x0000000103de49e4 [0x0000000103de4080+0x964]
J 232 C1 sun.misc.Launcher$AppClassLoader.loadClass(Ljava/lang/String;Z)Ljava/lang/Class; (85 bytes) @ 0x0000000103e07764 [0x0000000103e06dc0+0x9a4]
J 231 C1 java.lang.ClassLoader.loadClass(Ljava/lang/String;)Ljava/lang/Class; (7 bytes) @ 0x0000000103e06684 [0x0000000103e06580+0x104]
v  ~StubRoutines::call_stub
j  org.python.antlr.PythonParser.<init>(Lorg/antlr/runtime/TokenStream;Lorg/antlr/runtime/RecognizerSharedState;)V+18
j  org.python.antlr.PythonParser.<init>(Lorg/antlr/runtime/TokenStream;)V+9
j  org.python.antlr.PythonParser.<init>(Lorg/antlr/runtime/TokenStream;Ljava/lang/String;)V+2
j  org.python.antlr.BaseParser.setupParser(Z)Lorg/python/antlr/PythonParser;+68
j  org.python.antlr.BaseParser.parseModule()Lorg/python/antlr/base/mod;+4
j  org.python.core.CompileMode$3.dispatch(Lorg/python/antlr/BaseParser;)Lorg/python/antlr/base/mod;+1
j  org.python.core.ParserFacade.parse(Lorg/python/core/ParserFacade$ExpectedEncodingBufferedReader;Lorg/python/core/CompileMode;Ljava/lang/String;Lorg/python/core/CompilerFlags;)Lorg/python/antlr/base/mod;+40
j  org.python.core.ParserFacade.parse(Ljava/lang/String;Lorg/python/core/CompileMode;Ljava/lang/String;Lorg/python/core/CompilerFlags;)Lorg/python/antlr/base/mod;+16
j  org.python.core.Py.compile_flags(Ljava/lang/String;Ljava/lang/String;Lorg/python/core/CompileMode;Lorg/python/core/CompilerFlags;)Lorg/python/core/PyCode;+77
j  org.python.util.PythonInterpreter.exec(Ljava/lang/String;)V+14
j  org.python.util.InteractiveConsole.interact(Ljava/lang/String;Lorg/python/core/PyObject;)V+18
j  org.python.util.jython.run([Ljava/lang/String;)V+1035
j  org.python.util.jython.main([Ljava/lang/String;)V+5
v  ~StubRoutines::call_stub

---------------  P R O C E S S  ---------------

Java Threads: ( => current thread )
  0x00007fb9ad22b800 JavaThread "process reaper" daemon [_thread_blocked, id=19203, stack(0x0000000119027000,0x000000011904f000)]
  0x00007fb9ac01a800 JavaThread "Service Thread" daemon [_thread_blocked, id=18179, stack(0x0000000118a32000,0x0000000118b32000)]
  0x00007fb9ad01e000 JavaThread "C1 CompilerThread2" daemon [_thread_blocked, id=17667, stack(0x000000011892f000,0x0000000118a2f000)]
  0x00007fb9ad01d800 JavaThread "C2 CompilerThread1" daemon [_thread_blocked, id=17155, stack(0x000000011882c000,0x000000011892c000)]
  0x00007fb9ad80b800 JavaThread "C2 CompilerThread0" daemon [_thread_blocked, id=16643, stack(0x0000000118729000,0x0000000118829000)]
  0x00007fb9ad023000 JavaThread "Signal Dispatcher" daemon [_thread_blocked, id=13331, stack(0x0000000118626000,0x0000000118726000)]
  0x00007fb9ac016800 JavaThread "Finalizer" daemon [_thread_blocked, id=11011, stack(0x0000000116c0a000,0x0000000116d0a000)]
  0x00007fb9ad828000 JavaThread "Reference Handler" daemon [_thread_blocked, id=10499, stack(0x0000000116b07000,0x0000000116c07000)]
=>0x00007fb9ac00d800 JavaThread "main" [_thread_in_native, id=5895, stack(0x0000000103b3c000,0x0000000103c3c000)]

Other Threads:
  0x00007fb9ac834000 VMThread [stack: 0x0000000116a04000,0x0000000116b04000] [id=9987]
  0x00007fb9ad023800 WatcherThread [stack: 0x0000000118b35000,0x0000000118c35000] [id=18691]

VM state:not at safepoint (normal execution)

VM Mutex/Monitor currently owned by a thread: None

Heap:
 PSYoungGen      total 38400K, used 35632K [0x00000007b5580000, 0x00000007b8000000, 0x00000007c0000000)
  eden space 33280K, 91% used [0x00000007b5580000,0x00000007b7352db8,0x00000007b7600000)
  from space 5120K, 99% used [0x00000007b7600000,0x00000007b7af95e8,0x00000007b7b00000)
  to   space 5120K, 0% used [0x00000007b7b00000,0x00000007b7b00000,0x00000007b8000000)
 ParOldGen       total 87552K, used 2124K [0x00000007a0000000, 0x00000007a5580000, 0x00000007b5580000)
  object space 87552K, 2% used [0x00000007a0000000,0x00000007a02133a8,0x00000007a5580000)
 Metaspace       used 17073K, capacity 17754K, committed 18048K, reserved 1062912K
  class space    used 3528K, capacity 3618K, committed 3712K, reserved 1048576K

Card table byte_map: [0x000000011306b000,0x000000011316c000] byte_map_base: 0x000000010f36b000

Marking Bits: (ParMarkBitMap*) 0x00000001034947a0
 Begin Bits: [0x0000000113eb7000, 0x00000001146b7000)
 End Bits:   [0x00000001146b7000, 0x0000000114eb7000)

Polling page: 0x0000000103c81000

CodeCache: size=245760Kb used=4595Kb max_used=4606Kb free=241164Kb
 bounds [0x0000000103c94000, 0x0000000104124000, 0x0000000112c94000]
 total_blobs=1779 nmethods=1334 adapters=359
 compilation: enabled

Compilation events (10 events):
Event: 4.204 Thread 0x00007fb9ad80b800 nmethod 1325 0x0000000104112490 code [0x0000000104112840, 0x0000000104114100]
Event: 4.205 Thread 0x00007fb9ad01d800 nmethod 1331% 0x000000010410ee10 code [0x000000010410ef80, 0x000000010410f278]
Event: 4.283 Thread 0x00007fb9ad80b800 1332       4       java.util.zip.ZipFile::ensureOpen (37 bytes)
Event: 4.284 Thread 0x00007fb9ad80b800 nmethod 1332 0x000000010410eb50 code [0x000000010410eca0, 0x000000010410ed58]
Event: 4.326 Thread 0x00007fb9ad01d800 1333   !   4       java.util.WeakHashMap::expungeStaleEntries (139 bytes)
Event: 4.327 Thread 0x00007fb9ad01d800 nmethod 1333 0x000000010410e890 code [0x000000010410e9e0, 0x000000010410ea78]
Event: 4.407 Thread 0x00007fb9ad80b800 1334       4       org.antlr.runtime.DFA::unpackEncodedString (95 bytes)
Event: 4.417 Thread 0x00007fb9ad80b800 nmethod 1334 0x00000001041105d0 code [0x0000000104110740, 0x0000000104110c18]
Event: 4.460 Thread 0x00007fb9ad01e000 1335       3       org.antlr.runtime.BitSet::<init> (10 bytes)
Event: 4.461 Thread 0x00007fb9ad01e000 nmethod 1335 0x000000010410e490 code [0x000000010410e600, 0x000000010410e7d0]

GC Heap History (2 events):
Event: 2.663 GC heap before
{Heap before GC invocations=1 (full 0):
 PSYoungGen      total 38400K, used 33280K [0x00000007b5580000, 0x00000007b8000000, 0x00000007c0000000)
  eden space 33280K, 100% used [0x00000007b5580000,0x00000007b7600000,0x00000007b7600000)
  from space 5120K, 0% used [0x00000007b7b00000,0x00000007b7b00000,0x00000007b8000000)
  to   space 5120K, 0% used [0x00000007b7600000,0x00000007b7600000,0x00000007b7b00000)
 ParOldGen       total 87552K, used 0K [0x00000007a0000000, 0x00000007a5580000, 0x00000007b5580000)
  object space 87552K, 0% used [0x00000007a0000000,0x00000007a0000000,0x00000007a5580000)
 Metaspace       used 10222K, capacity 10418K, committed 10496K, reserved 1058816K
  class space    used 1950K, capacity 2000K, committed 2048K, reserved 1048576K
Event: 2.674 GC heap after
Heap after GC invocations=1 (full 0):
 PSYoungGen      total 38400K, used 5093K [0x00000007b5580000, 0x00000007b8000000, 0x00000007c0000000)
  eden space 33280K, 0% used [0x00000007b5580000,0x00000007b5580000,0x00000007b7600000)
  from space 5120K, 99% used [0x00000007b7600000,0x00000007b7af95e8,0x00000007b7b00000)
  to   space 5120K, 0% used [0x00000007b7b00000,0x00000007b7b00000,0x00000007b8000000)
 ParOldGen       total 87552K, used 2124K [0x00000007a0000000, 0x00000007a5580000, 0x00000007b5580000)
  object space 87552K, 2% used [0x00000007a0000000,0x00000007a02133a8,0x00000007a5580000)
 Metaspace       used 10222K, capacity 10418K, committed 10496K, reserved 1058816K
  class space    used 1950K, capacity 2000K, committed 2048K, reserved 1048576K
}

Deoptimization events (10 events):
Event: 3.918 Thread 0x00007fb9ac00d800 Uncommon trap: reason=class_check action=maybe_recompile pc=0x0000000103fc59b8 method=java.io.FilterInputStream.read([BII)I @ 7
Event: 3.918 Thread 0x00007fb9ac00d800 Uncommon trap: reason=class_check action=maybe_recompile pc=0x0000000103fc59b8 method=java.io.FilterInputStream.read([BII)I @ 7
Event: 3.925 Thread 0x00007fb9ac00d800 Uncommon trap: reason=unstable_if action=reinterpret pc=0x0000000103f9b428 method=java.util.zip.ZipInputStream.read([BII)I @ 38
Event: 3.975 Thread 0x00007fb9ac00d800 Uncommon trap: reason=unloaded action=reinterpret pc=0x00000001040b349c method=org.python.core.PyType.fromClass(Ljava/lang/Class;Z)Lorg/python/core/PyType; @ 164
Event: 3.977 Thread 0x00007fb9ac00d800 Uncommon trap: reason=unstable_if action=reinterpret pc=0x0000000103f08194 method=java.util.HashMap.getNode(ILjava/lang/Object;)Ljava/util/HashMap$Node; @ 129
Event: 3.977 Thread 0x00007fb9ac00d800 Uncommon trap: reason=class_check action=maybe_recompile pc=0x00000001040cd758 method=java.util.HashMap.putVal(ILjava/lang/Object;Ljava/lang/Object;ZZ)Ljava/lang/Object; @ 203
Event: 3.977 Thread 0x00007fb9ac00d800 Uncommon trap: reason=unstable_if action=reinterpret pc=0x0000000103f061f0 method=java.util.HashMap.getNode(ILjava/lang/Object;)Ljava/util/HashMap$Node; @ 129
Event: 3.979 Thread 0x00007fb9ac00d800 Uncommon trap: reason=bimorphic action=maybe_recompile pc=0x0000000104019f80 method=java.util.concurrent.ConcurrentHashMap.get(Ljava/lang/Object;)Ljava/lang/Object; @ 149
Event: 4.068 Thread 0x00007fb9ac00d800 Uncommon trap: reason=bimorphic action=maybe_recompile pc=0x0000000104019f80 method=java.util.concurrent.ConcurrentHashMap.get(Ljava/lang/Object;)Ljava/lang/Object; @ 149
Event: 4.068 Thread 0x00007fb9ac00d800 Uncommon trap: reason=bimorphic action=maybe_recompile pc=0x0000000104019f80 method=java.util.concurrent.ConcurrentHashMap.get(Ljava/lang/Object;)Ljava/lang/Object; @ 149

Internal exceptions (10 events):
Event: 4.102 Thread 0x00007fb9ac00d800 Exception <a 'java/io/FileNotFoundException'> (0x00000007b6e74dd8) thrown at [/Users/java_re/workspace/8-2-build-macosx-x86_64/jdk8u51/3951/hotspot/src/share/vm/prims/jni.cpp, line 709]
Event: 4.102 Thread 0x00007fb9ac00d800 Exception <a 'java/io/FileNotFoundException'> (0x00000007b6e76350) thrown at [/Users/java_re/workspace/8-2-build-macosx-x86_64/jdk8u51/3951/hotspot/src/share/vm/prims/jni.cpp, line 709]
Event: 4.105 Thread 0x00007fb9ac00d800 Exception <a 'java/io/FileNotFoundException'> (0x00000007b6ebfd40) thrown at [/Users/java_re/workspace/8-2-build-macosx-x86_64/jdk8u51/3951/hotspot/src/share/vm/prims/jni.cpp, line 709]
Event: 4.105 Thread 0x00007fb9ac00d800 Exception <a 'java/io/FileNotFoundException'> (0x00000007b6ec16d0) thrown at [/Users/java_re/workspace/8-2-build-macosx-x86_64/jdk8u51/3951/hotspot/src/share/vm/prims/jni.cpp, line 709]
Event: 4.105 Thread 0x00007fb9ac00d800 Exception <a 'java/io/FileNotFoundException'> (0x00000007b6ec3400) thrown at [/Users/java_re/workspace/8-2-build-macosx-x86_64/jdk8u51/3951/hotspot/src/share/vm/prims/jni.cpp, line 709]
Event: 4.105 Thread 0x00007fb9ac00d800 Exception <a 'java/io/FileNotFoundException'> (0x00000007b6ec4978) thrown at [/Users/java_re/workspace/8-2-build-macosx-x86_64/jdk8u51/3951/hotspot/src/share/vm/prims/jni.cpp, line 709]
Event: 4.107 Thread 0x00007fb9ac00d800 Exception <a 'java/io/FileNotFoundException'> (0x00000007b6efdfa0) thrown at [/Users/java_re/workspace/8-2-build-macosx-x86_64/jdk8u51/3951/hotspot/src/share/vm/prims/jni.cpp, line 709]
Event: 4.108 Thread 0x00007fb9ac00d800 Exception <a 'java/io/FileNotFoundException'> (0x00000007b6eff930) thrown at [/Users/java_re/workspace/8-2-build-macosx-x86_64/jdk8u51/3951/hotspot/src/share/vm/prims/jni.cpp, line 709]
Event: 4.108 Thread 0x00007fb9ac00d800 Exception <a 'java/io/FileNotFoundException'> (0x00000007b6f01660) thrown at [/Users/java_re/workspace/8-2-build-macosx-x86_64/jdk8u51/3951/hotspot/src/share/vm/prims/jni.cpp, line 709]
Event: 4.108 Thread 0x00007fb9ac00d800 Exception <a 'java/io/FileNotFoundException'> (0x00000007b6f02bd8) thrown at [/Users/java_re/workspace/8-2-build-macosx-x86_64/jdk8u51/3951/hotspot/src/share/vm/prims/jni.cpp, line 709]

Events (10 events):
Event: 4.404 Thread 0x00007fb9ac00d800 DEOPT PACKING pc=0x000000010410d6f3 sp=0x0000000103c3ae70
Event: 4.404 Thread 0x00007fb9ac00d800 DEOPT UNPACKING pc=0x0000000103cdb633 sp=0x0000000103c3abe8 mode 0
Event: 4.443 loading class java/lang/InternalError
Event: 4.443 loading class java/lang/InternalError done
Event: 4.497 loading class org/antlr/runtime/tree/CommonTreeAdaptor
Event: 4.497 loading class org/antlr/runtime/tree/CommonTreeAdaptor done
Event: 4.497 loading class org/antlr/runtime/tree/BaseTreeAdaptor
Event: 4.497 loading class org/antlr/runtime/tree/BaseTreeAdaptor done
Event: 4.499 loading class org/python/antlr/GrammarActions
Event: 4.499 loading class org/python/antlr/GrammarActions done


Dynamic libraries:
0x0000000004b65000 	/System/Library/Frameworks/Cocoa.framework/Versions/A/Cocoa
0x0000000004b65000 	/System/Library/Frameworks/Security.framework/Versions/A/Security
0x0000000004b65000 	/System/Library/Frameworks/ApplicationServices.framework/Versions/A/ApplicationServices
0x0000000004b65000 	/usr/lib/libz.1.dylib
0x0000000004b65000 	/usr/lib/libSystem.B.dylib
0x0000000004b65000 	/usr/lib/libobjc.A.dylib
0x0000000004b65000 	/System/Library/Frameworks/CoreFoundation.framework/Versions/A/CoreFoundation
0x0000000004b65000 	/System/Library/Frameworks/Foundation.framework/Versions/C/Foundation
0x0000000004b65000 	/System/Library/Frameworks/AppKit.framework/Versions/C/AppKit
0x0000000004b65000 	/System/Library/Frameworks/CoreData.framework/Versions/A/CoreData
0x0000000004b65000 	/System/Library/PrivateFrameworks/RemoteViewServices.framework/Versions/A/RemoteViewServices
0x0000000004b65000 	/System/Library/PrivateFrameworks/UIFoundation.framework/Versions/A/UIFoundation
0x0000000004b65000 	/System/Library/Frameworks/IOSurface.framework/Versions/A/IOSurface
0x0000000004b65000 	/System/Library/Frameworks/AudioToolbox.framework/Versions/A/AudioToolbox
0x0000000004b65000 	/System/Library/Frameworks/AudioUnit.framework/Versions/A/AudioUnit
0x0000000004b65000 	/System/Library/PrivateFrameworks/DataDetectorsCore.framework/Versions/A/DataDetectorsCore
0x0000000004b65000 	/System/Library/PrivateFrameworks/DesktopServicesPriv.framework/Versions/A/DesktopServicesPriv
0x0000000004b65000 	/System/Library/Frameworks/Carbon.framework/Versions/A/Frameworks/HIToolbox.framework/Versions/A/HIToolbox
0x0000000004b65000 	/System/Library/Frameworks/QuartzCore.framework/Versions/A/QuartzCore
0x0000000004b65000 	/System/Library/Frameworks/Carbon.framework/Versions/A/Frameworks/SpeechRecognition.framework/Versions/A/SpeechRecognition
0x0000000004b65000 	/usr/lib/libauto.dylib
0x0000000004b65000 	/usr/lib/libicucore.A.dylib
0x0000000004b65000 	/usr/lib/libxml2.2.dylib
0x0000000004b65000 	/System/Library/PrivateFrameworks/CoreUI.framework/Versions/A/CoreUI
0x0000000004b65000 	/System/Library/Frameworks/CoreAudio.framework/Versions/A/CoreAudio
0x0000000004b65000 	/System/Library/Frameworks/DiskArbitration.framework/Versions/A/DiskArbitration
0x0000000004b65000 	/usr/lib/liblangid.dylib
0x0000000004b65000 	/System/Library/PrivateFrameworks/MultitouchSupport.framework/Versions/A/MultitouchSupport
0x0000000004b65000 	/System/Library/Frameworks/IOKit.framework/Versions/A/IOKit
0x0000000004b65000 	/usr/lib/libDiagnosticMessagesClient.dylib
0x0000000004b65000 	/System/Library/Frameworks/CoreServices.framework/Versions/A/CoreServices
0x0000000004b65000 	/System/Library/PrivateFrameworks/PerformanceAnalysis.framework/Versions/A/PerformanceAnalysis
0x0000000004b65000 	/System/Library/PrivateFrameworks/GenerationalStorage.framework/Versions/A/GenerationalStorage
0x0000000004b65000 	/System/Library/Frameworks/OpenGL.framework/Versions/A/OpenGL
0x0000000004b65000 	/System/Library/PrivateFrameworks/Sharing.framework/Versions/A/Sharing
0x0000000004b65000 	/System/Library/Frameworks/CoreGraphics.framework/Versions/A/CoreGraphics
0x0000000004b65000 	/System/Library/Frameworks/CoreText.framework/Versions/A/CoreText
0x0000000004b65000 	/System/Library/Frameworks/ImageIO.framework/Versions/A/ImageIO
0x0000000004b65000 	/usr/lib/libextension.dylib
0x0000000004b65000 	/System/Library/PrivateFrameworks/Backup.framework/Versions/A/Backup
0x0000000004b65000 	/usr/lib/libarchive.2.dylib
0x0000000004b65000 	/System/Library/Frameworks/CFNetwork.framework/Versions/A/CFNetwork
0x0000000004b65000 	/System/Library/Frameworks/SystemConfiguration.framework/Versions/A/SystemConfiguration
0x0000000004b65000 	/usr/lib/libCRFSuite.dylib
0x0000000004b65000 	/usr/lib/libc++.1.dylib
0x0000000004b65000 	/usr/lib/libc++abi.dylib
0x0000000004b65000 	/usr/lib/system/libcache.dylib
0x0000000004b65000 	/usr/lib/system/libcommonCrypto.dylib
0x0000000004b65000 	/usr/lib/system/libcompiler_rt.dylib
0x0000000004b65000 	/usr/lib/system/libcopyfile.dylib
0x0000000004b65000 	/usr/lib/system/libcorecrypto.dylib
0x0000000004b65000 	/usr/lib/system/libdispatch.dylib
0x0000000004b65000 	/usr/lib/system/libdyld.dylib
0x0000000004b65000 	/usr/lib/system/libkeymgr.dylib
0x0000000004b65000 	/usr/lib/system/liblaunch.dylib
0x0000000004b65000 	/usr/lib/system/libmacho.dylib
0x0000000004b65000 	/usr/lib/system/libquarantine.dylib
0x0000000004b65000 	/usr/lib/system/libremovefile.dylib
0x0000000004b65000 	/usr/lib/system/libsystem_asl.dylib
0x0000000004b65000 	/usr/lib/system/libsystem_blocks.dylib
0x0000000004b65000 	/usr/lib/system/libsystem_c.dylib
0x0000000004b65000 	/usr/lib/system/libsystem_configuration.dylib
0x0000000004b65000 	/usr/lib/system/libsystem_coreservices.dylib
0x0000000004b65000 	/usr/lib/system/libsystem_coretls.dylib
0x0000000004b65000 	/usr/lib/system/libsystem_dnssd.dylib
0x0000000004b65000 	/usr/lib/system/libsystem_info.dylib
0x0000000004b65000 	/usr/lib/system/libsystem_kernel.dylib
0x0000000004b65000 	/usr/lib/system/libsystem_m.dylib
0x0000000004b65000 	/usr/lib/system/libsystem_malloc.dylib
0x0000000004b65000 	/usr/lib/system/libsystem_network.dylib
0x0000000004b65000 	/usr/lib/system/libsystem_networkextension.dylib
0x0000000004b65000 	/usr/lib/system/libsystem_notify.dylib
0x0000000004b65000 	/usr/lib/system/libsystem_platform.dylib
0x0000000004b65000 	/usr/lib/system/libsystem_pthread.dylib
0x0000000004b65000 	/usr/lib/system/libsystem_sandbox.dylib
0x0000000004b65000 	/usr/lib/system/libsystem_secinit.dylib
0x0000000004b65000 	/usr/lib/system/libsystem_stats.dylib
0x0000000004b65000 	/usr/lib/system/libsystem_trace.dylib
0x0000000004b65000 	/usr/lib/system/libunc.dylib
0x0000000004b65000 	/usr/lib/system/libunwind.dylib
0x0000000004b65000 	/usr/lib/system/libxpc.dylib
0x0000000004b65000 	/usr/lib/libbz2.1.0.dylib
0x0000000004b65000 	/usr/lib/liblzma.5.dylib
0x0000000004b65000 	/usr/lib/libbsm.0.dylib
0x0000000004b65000 	/usr/lib/libsqlite3.dylib
0x0000000004b65000 	/usr/lib/system/libkxld.dylib
0x0000000004b65000 	/usr/lib/libxar.1.dylib
0x0000000004b65000 	/usr/lib/libpam.2.dylib
0x0000000004b65000 	/usr/lib/libOpenScriptingUtil.dylib
0x0000000004b65000 	/System/Library/Frameworks/CoreServices.framework/Versions/A/Frameworks/FSEvents.framework/Versions/A/FSEvents
0x0000000004b65000 	/System/Library/Frameworks/CoreServices.framework/Versions/A/Frameworks/CarbonCore.framework/Versions/A/CarbonCore
0x0000000004b65000 	/System/Library/Frameworks/CoreServices.framework/Versions/A/Frameworks/Metadata.framework/Versions/A/Metadata
0x0000000004b65000 	/System/Library/Frameworks/CoreServices.framework/Versions/A/Frameworks/OSServices.framework/Versions/A/OSServices
0x0000000004b65000 	/System/Library/Frameworks/CoreServices.framework/Versions/A/Frameworks/SearchKit.framework/Versions/A/SearchKit
0x0000000004b65000 	/System/Library/Frameworks/CoreServices.framework/Versions/A/Frameworks/AE.framework/Versions/A/AE
0x0000000004b65000 	/System/Library/Frameworks/CoreServices.framework/Versions/A/Frameworks/LaunchServices.framework/Versions/A/LaunchServices
0x0000000004b65000 	/System/Library/Frameworks/CoreServices.framework/Versions/A/Frameworks/DictionaryServices.framework/Versions/A/DictionaryServices
0x0000000004b65000 	/System/Library/Frameworks/NetFS.framework/Versions/A/NetFS
0x0000000004b65000 	/System/Library/PrivateFrameworks/NetAuth.framework/Versions/A/NetAuth
0x0000000004b65000 	/System/Library/PrivateFrameworks/login.framework/Versions/A/Frameworks/loginsupport.framework/Versions/A/loginsupport
0x0000000004b65000 	/System/Library/PrivateFrameworks/TCC.framework/Versions/A/TCC
0x0000000004b65000 	/usr/lib/libmecabra.dylib
0x0000000004b65000 	/System/Library/Frameworks/ApplicationServices.framework/Versions/A/Frameworks/ATS.framework/Versions/A/ATS
0x0000000004b65000 	/System/Library/Frameworks/ApplicationServices.framework/Versions/A/Frameworks/ColorSync.framework/Versions/A/ColorSync
0x0000000004b65000 	/System/Library/Frameworks/ApplicationServices.framework/Versions/A/Frameworks/HIServices.framework/Versions/A/HIServices
0x0000000004b65000 	/System/Library/Frameworks/ApplicationServices.framework/Versions/A/Frameworks/LangAnalysis.framework/Versions/A/LangAnalysis
0x0000000004b65000 	/System/Library/Frameworks/ApplicationServices.framework/Versions/A/Frameworks/PrintCore.framework/Versions/A/PrintCore
0x0000000004b65000 	/System/Library/Frameworks/ApplicationServices.framework/Versions/A/Frameworks/QD.framework/Versions/A/QD
0x0000000004b65000 	/System/Library/Frameworks/ApplicationServices.framework/Versions/A/Frameworks/SpeechSynthesis.framework/Versions/A/SpeechSynthesis
0x0000000004b65000 	/System/Library/Frameworks/Accelerate.framework/Versions/A/Accelerate
0x0000000004b65000 	/System/Library/Frameworks/Accelerate.framework/Versions/A/Frameworks/vImage.framework/Versions/A/vImage
0x0000000004b65000 	/System/Library/Frameworks/Accelerate.framework/Versions/A/Frameworks/vecLib.framework/Versions/A/vecLib
0x0000000004b65000 	/System/Library/Frameworks/Accelerate.framework/Versions/A/Frameworks/vecLib.framework/Versions/A/libvDSP.dylib
0x0000000004b65000 	/System/Library/Frameworks/Accelerate.framework/Versions/A/Frameworks/vecLib.framework/Versions/A/libvMisc.dylib
0x0000000004b65000 	/System/Library/Frameworks/Accelerate.framework/Versions/A/Frameworks/vecLib.framework/Versions/A/libLAPACK.dylib
0x0000000004b65000 	/System/Library/Frameworks/Accelerate.framework/Versions/A/Frameworks/vecLib.framework/Versions/A/libBLAS.dylib
0x0000000004b65000 	/System/Library/Frameworks/Accelerate.framework/Versions/A/Frameworks/vecLib.framework/Versions/A/libLinearAlgebra.dylib
0x0000000004b65000 	/System/Library/Frameworks/ApplicationServices.framework/Versions/A/Frameworks/ATS.framework/Versions/A/Resources/libFontParser.dylib
0x0000000004b65000 	/System/Library/Frameworks/ApplicationServices.framework/Versions/A/Frameworks/ATS.framework/Versions/A/Resources/libFontRegistry.dylib
0x0000000004b65000 	/System/Library/PrivateFrameworks/AppleVPA.framework/Versions/A/AppleVPA
0x0000000004b65000 	/System/Library/PrivateFrameworks/AppleJPEG.framework/Versions/A/AppleJPEG
0x0000000004b65000 	/System/Library/Frameworks/ImageIO.framework/Versions/A/Resources/libJPEG.dylib
0x0000000004b65000 	/System/Library/Frameworks/ImageIO.framework/Versions/A/Resources/libTIFF.dylib
0x0000000004b65000 	/System/Library/Frameworks/ImageIO.framework/Versions/A/Resources/libPng.dylib
0x0000000004b65000 	/System/Library/Frameworks/ImageIO.framework/Versions/A/Resources/libGIF.dylib
0x0000000004b65000 	/System/Library/Frameworks/ImageIO.framework/Versions/A/Resources/libJP2.dylib
0x0000000004b65000 	/System/Library/Frameworks/ImageIO.framework/Versions/A/Resources/libRadiance.dylib
0x0000000004b65000 	/System/Library/Frameworks/CoreVideo.framework/Versions/A/CoreVideo
0x0000000004b65000 	/System/Library/Frameworks/OpenGL.framework/Versions/A/Libraries/libGLU.dylib
0x0000000004b65000 	/System/Library/Frameworks/OpenGL.framework/Versions/A/Libraries/libGFXShared.dylib
0x0000000004b65000 	/System/Library/Frameworks/OpenGL.framework/Versions/A/Libraries/libGL.dylib
0x0000000004b65000 	/System/Library/Frameworks/OpenGL.framework/Versions/A/Libraries/libGLImage.dylib
0x0000000004b65000 	/System/Library/Frameworks/OpenGL.framework/Versions/A/Libraries/libCVMSPluginSupport.dylib
0x0000000004b65000 	/System/Library/Frameworks/OpenGL.framework/Versions/A/Libraries/libCoreVMClient.dylib
0x0000000004b65000 	/usr/lib/libcups.2.dylib
0x0000000004b65000 	/System/Library/Frameworks/Kerberos.framework/Versions/A/Kerberos
0x0000000004b65000 	/System/Library/Frameworks/GSS.framework/Versions/A/GSS
0x0000000004b65000 	/usr/lib/libresolv.9.dylib
0x0000000004b65000 	/usr/lib/libiconv.2.dylib
0x0000000004b65000 	/System/Library/PrivateFrameworks/Heimdal.framework/Versions/A/Heimdal
0x0000000004b65000 	/usr/lib/libheimdal-asn1.dylib
0x0000000004b65000 	/System/Library/Frameworks/OpenDirectory.framework/Versions/A/OpenDirectory
0x0000000004b65000 	/System/Library/PrivateFrameworks/CommonAuth.framework/Versions/A/CommonAuth
0x0000000004b65000 	/System/Library/Frameworks/OpenDirectory.framework/Versions/A/Frameworks/CFOpenDirectory.framework/Versions/A/CFOpenDirectory
0x0000000004b65000 	/System/Library/Frameworks/SecurityFoundation.framework/Versions/A/SecurityFoundation
0x0000000004b65000 	/System/Library/PrivateFrameworks/LanguageModeling.framework/Versions/A/LanguageModeling
0x0000000004b65000 	/usr/lib/libcmph.dylib
0x0000000004b65000 	/System/Library/Frameworks/ServiceManagement.framework/Versions/A/ServiceManagement
0x0000000004b65000 	/usr/lib/libxslt.1.dylib
0x0000000004b65000 	/System/Library/Frameworks/Carbon.framework/Versions/A/Frameworks/Ink.framework/Versions/A/Ink
0x0000000004b65000 	/System/Library/Frameworks/QuartzCore.framework/Versions/A/Frameworks/CoreImage.framework/Versions/A/CoreImage
0x0000000004b65000 	/System/Library/PrivateFrameworks/CrashReporterSupport.framework/Versions/A/CrashReporterSupport
0x0000000004b65000 	/System/Library/Frameworks/OpenCL.framework/Versions/A/OpenCL
0x0000000004b65000 	/System/Library/PrivateFrameworks/FaceCore.framework/Versions/A/FaceCore
0x0000000004b65000 	/System/Library/PrivateFrameworks/Ubiquity.framework/Versions/A/Ubiquity
0x0000000004b65000 	/System/Library/PrivateFrameworks/IconServices.framework/Versions/A/IconServices
0x0000000004b65000 	/System/Library/PrivateFrameworks/ChunkingLibrary.framework/Versions/A/ChunkingLibrary
0x0000000004b65000 	/System/Library/PrivateFrameworks/Apple80211.framework/Versions/A/Apple80211
0x0000000004b65000 	/System/Library/Frameworks/CoreWLAN.framework/Versions/A/CoreWLAN
0x0000000004b65000 	/System/Library/Frameworks/IOBluetooth.framework/Versions/A/IOBluetooth
0x0000000004b65000 	/System/Library/PrivateFrameworks/CoreWiFi.framework/Versions/A/CoreWiFi
0x0000000004b65000 	/System/Library/Frameworks/CoreBluetooth.framework/Versions/A/CoreBluetooth
0x0000000004b65000 	/System/Library/PrivateFrameworks/DebugSymbols.framework/Versions/A/DebugSymbols
0x0000000004b65000 	/System/Library/PrivateFrameworks/CoreSymbolication.framework/Versions/A/CoreSymbolication
0x0000000004b65000 	/System/Library/PrivateFrameworks/Symbolication.framework/Versions/A/Symbolication
0x0000000004b65000 	/System/Library/PrivateFrameworks/SpeechRecognitionCore.framework/Versions/A/SpeechRecognitionCore
0x0000000102bd2000 	/Library/Java/JavaVirtualMachines/jdk1.8.0_51.jdk/Contents/Home/jre/lib/server/libjvm.dylib
0x0000000004b65000 	/usr/lib/libstdc++.6.dylib
0x0000000103c3e000 	/Library/Java/JavaVirtualMachines/jdk1.8.0_51.jdk/Contents/Home/jre/lib/libverify.dylib
0x0000000103c4c000 	/Library/Java/JavaVirtualMachines/jdk1.8.0_51.jdk/Contents/Home/jre/lib/libjava.dylib
0x0000000103c8b000 	/Library/Java/JavaVirtualMachines/jdk1.8.0_51.jdk/Contents/Home/jre/lib/libzip.dylib
0x0000000116d0c000 	/System/Library/Frameworks/JavaVM.framework/Frameworks/JavaRuntimeSupport.framework/JavaRuntimeSupport
0x0000000116d22000 	/System/Library/Frameworks/JavaVM.framework/Versions/A/Frameworks/JavaNativeFoundation.framework/Versions/A/JavaNativeFoundation
0x0000000116d36000 	/System/Library/Frameworks/JavaVM.framework/Versions/A/JavaVM
0x0000000004b65000 	/System/Library/Frameworks/Carbon.framework/Versions/A/Carbon
0x0000000116d42000 	/System/Library/PrivateFrameworks/JavaLaunching.framework/Versions/A/JavaLaunching
0x0000000004b65000 	/System/Library/Frameworks/Carbon.framework/Versions/A/Frameworks/CommonPanels.framework/Versions/A/CommonPanels
0x0000000004b65000 	/System/Library/Frameworks/Carbon.framework/Versions/A/Frameworks/Help.framework/Versions/A/Help
0x0000000004b65000 	/System/Library/Frameworks/Carbon.framework/Versions/A/Frameworks/ImageCapture.framework/Versions/A/ImageCapture
0x0000000004b65000 	/System/Library/Frameworks/Carbon.framework/Versions/A/Frameworks/OpenScripting.framework/Versions/A/OpenScripting
0x0000000004b65000 	/System/Library/Frameworks/Carbon.framework/Versions/A/Frameworks/Print.framework/Versions/A/Print
0x0000000004b65000 	/System/Library/Frameworks/Carbon.framework/Versions/A/Frameworks/SecurityHI.framework/Versions/A/SecurityHI
0x000000011913c000 	/Library/Java/JavaVirtualMachines/jdk1.8.0_51.jdk/Contents/Home/jre/lib/libnet.dylib
0x0000000119153000 	/Library/Java/JavaVirtualMachines/jdk1.8.0_51.jdk/Contents/Home/jre/lib/libnio.dylib
0x0000000119163000 	/private/var/folders/pj/vcgb7xwd7c5_6dbkx56r14gc0000gn/T/jffi5518581004330144587.tmp

VM Arguments:
jvm_args: -Xmx512m -Xss1024k -Dfile.encoding=UTF-8 -Dpython.home=dist -Dpython.executable=dist/bin/jython 
java_command: org.python.util.jython
java_class_path (initial): dist/jython-dev.jar:dist/javalib/agraph-5.0.jar:dist/javalib/antlr-2.7.7.jar:dist/javalib/antlr-3.1.3.jar:dist/javalib/antlr-runtime-3.1.3.jar:dist/javalib/asm-4.0.jar:dist/javalib/asm-commons-4.0.jar:dist/javalib/asm-util-4.0.jar:dist/javalib/batches.jar:dist/javalib/commons-codec-1.3.jar:dist/javalib/commons-compress-1.4.1.jar:dist/javalib/commons-httpclient-3.1.jar:dist/javalib/commons-io-2.4.jar:dist/javalib/commons-lang-2.2.jar:dist/javalib/commons-lang3-3.0.jar:dist/javalib/commons-logging-1.1.1.jar:dist/javalib/commons-pool-1.5.6.jar:dist/javalib/cyphersim-0.0.1-SNAPSHOT-jar-with-dependencies.jar:dist/javalib/guava-13.0.1.jar:dist/javalib/guava-15.0.jar:dist/javalib/icu4j-52_1.jar:dist/javalib/jarjar-0.7.jar:dist/javalib/jena-arq-2.11.1.jar:dist/javalib/jena-core-2.11.1.jar:dist/javalib/jena-iri-1.0.1.jar:dist/javalib/jffi-1.2.6.jar:dist/javalib/jffi-Darwin.jar:dist/javalib/jffi-arm-Linux.jar:dist/javalib/jffi-i386-FreeBSD.jar:dist/javalib/jffi-i386-Linux.jar:dist/javalib/jffi-i386-OpenBSD.jar:dist/javalib/jffi-i386-SunOS.jar:dist/javalib/jffi-i386-Windows.jar:dist/javalib/jffi-ppc-AIX.jar:dist/javalib/jffi-ppc-Linux.jar:dist/javalib/jffi-ppc64-Linux.jar:dist/javalib/jffi-s390x-Linux.jar:dist/javalib/jffi-sparc-SunOS.jar:dist/javalib/jffi-sparcv9-SunOS.jar:dist/javalib/jffi-x86_64-FreeBSD.jar:dist/javalib/jffi-x86_64-Linux.jar:dist/javalib/jffi-x86_64-OpenBSD.jar:dist/javalib/jffi-x86_64-SunOS.jar:dist/javalib/jffi-x86_64-Windows.jar:dist/javalib/jline-1.0.jar:dist/javalib/jnr-constants-0.8.4.jar:dist/javalib/jnr-ffi-0.7.10.jar:dist/javalib/jnr-netdb-1.1.1.jar:dist/javalib/jnr-posix-2.4.0.jar:dist/javalib/json.jar:dist/javalib/jsqlparser.jar:dist/javalib/junit-4.10.jar:dist/javalib/libreadline-java-0.8.jar:dist/javalib/livetribe-jsr223-2.0.6.jar:dist/javalib/log4j-1.2.16.jar:dist/javalib/mysql-connector-java-5.1.6.jar:dist/javalib/ojdbc6.jar:dist/javalib/openrdf-sesame-2.7.11-onejar.jar:dist/javalib/postgresql-8.3-603.jdbc4.jar:di
Launcher Type: SUN_STANDARD

Environment Variables:
PATH=/opt/local/bin:/opt/local/sbin:/Users/marek5050/anaconda3/anaconda/bin:/Users/marek5050/anaconda/bin:/usr/local/bin:/usr/bin:/bin:/usr/sbin:/sbin:/Library/TeX/texbin
SHELL=/bin/bash

Signal Handlers:
SIGSEGV: [libjvm.dylib+0x58ef35], sa_mask[0]=11111111011111110111111111111111, sa_flags=SA_ONSTACK|SA_RESTART|SA_SIGINFO
SIGBUS: [libjvm.dylib+0x58ef35], sa_mask[0]=11111111011111110111111111111111, sa_flags=SA_RESTART|SA_SIGINFO
SIGFPE: [libjvm.dylib+0x46c028], sa_mask[0]=11111111011111110111111111111111, sa_flags=SA_RESTART|SA_SIGINFO
SIGPIPE: [libjvm.dylib+0x46c028], sa_mask[0]=11111111011111110111111111111111, sa_flags=SA_RESTART|SA_SIGINFO
SIGXFSZ: [libjvm.dylib+0x46c028], sa_mask[0]=11111111011111110111111111111111, sa_flags=SA_RESTART|SA_SIGINFO
SIGILL: [libjvm.dylib+0x46c028], sa_mask[0]=11111111011111110111111111111111, sa_flags=SA_RESTART|SA_SIGINFO
SIGUSR1: SIG_DFL, sa_mask[0]=11011111011111100000000111000110, sa_flags=none
SIGUSR2: [libjvm.dylib+0x46bb46], sa_mask[0]=00100000000000000000000000000000, sa_flags=SA_RESTART|SA_SIGINFO
SIGHUP: [libjvm.dylib+0x46a119], sa_mask[0]=11111111011111110111111111111111, sa_flags=SA_RESTART|SA_SIGINFO
SIGINT: [libjvm.dylib+0x46a119], sa_mask[0]=11111111011111110111111111111111, sa_flags=SA_RESTART|SA_SIGINFO
SIGTERM: [libjvm.dylib+0x46a119], sa_mask[0]=11111111011111110111111111111111, sa_flags=SA_RESTART|SA_SIGINFO
SIGQUIT: [libjvm.dylib+0x46a119], sa_mask[0]=11111111011111110111111111111111, sa_flags=SA_RESTART|SA_SIGINFO


---------------  S Y S T E M  ---------------

OS:Bsduname:Darwin 14.5.0 Darwin Kernel Version 14.5.0: Wed Jul 29 02:26:53 PDT 2015; root:xnu-2782.40.9~1/RELEASE_X86_64 x86_64
rlimit: STACK 8192k, CORE 0k, NPROC 709, NOFILE 10240, AS infinity
load average:2.44 2.50 2.78

CPU:total 4 (2 cores per cpu, 2 threads per core) family 6 model 61 stepping 4, cmov, cx8, fxsr, mmx, sse, sse2, sse3, ssse3, sse4.1, sse4.2, popcnt, avx, avx2, aes, clmul, erms, rtm, 3dnowpref, lzcnt, ht, tsc, tscinvbit, bmi1, bmi2, adx

Memory: 4k page, physical 8388608k(611064k free)

/proc/meminfo:


vm_info: Java HotSpot(TM) 64-Bit Server VM (25.51-b03) for bsd-amd64 JRE (1.8.0_51-b16), built on Jun  8 2015 18:01:11 by "java_re" with gcc 4.2.1 (Based on Apple Inc. build 5658) (LLVM build 2336.11.00)

time: Mon Nov 16 21:29:53 2015
elapsed time: 4 seconds (0d 0h 0m 4s)

