#
# A fatal error has been detected by the Java Runtime Environment:
#
#  SIGBUS (0xa) at pc=0x0000000106b5beb9, pid=2125, tid=4103
#
# JRE version: Java(TM) SE Runtime Environment (8.0_51-b16) (build 1.8.0_51-b16)
# Java VM: Java HotSpot(TM) 64-Bit Server VM (25.51-b03 mixed mode bsd-amd64 compressed oops)
# Problematic frame:
# C  [libzip.dylib+0x2eb9]  newEntry+0x154
#
# Failed to write core dump. Core dumps have been disabled. To enable core dumping, try "ulimit -c unlimited" before starting Java again
#
# If you would like to submit a bug report, please visit:
#   http://bugreport.java.com/bugreport/crash.jsp
# The crash happened outside the Java Virtual Machine in native code.
# See problematic frame for where to report the bug.
#

---------------  T H R E A D  ---------------

Current thread (0x00007ff024804000):  JavaThread "main" [_thread_in_native, id=4103, stack(0x000000010836a000,0x000000010846a000)]

siginfo: si_signo: 10 (SIGBUS), si_code: 2 (BUS_ADRERR), si_addr: 0x000000011cbb5ee1

Registers:
RAX=0x00007ff02354e7c0, RBX=0x000000011cbb5ed5, RCX=0x0000000000000001, RDX=0x0000000000000708
RSP=0x0000000108466d30, RBP=0x0000000108466d90, RSI=0x00007ff023700000, RDI=0x0000000106a16800
R8 =0x0000000000000004, R9 =0x00000000ffffff00, R10=0x0000000000000003, R11=0x00007ff023700000
R12=0x00007ff0238f1600, R13=0x000000000000f6c0, R14=0x000000007da92a8f, R15=0x00007ff02349d510
RIP=0x0000000106b5beb9, EFLAGS=0x0000000000010202, ERR=0x0000000000000004
  TRAPNO=0x000000000000000e

Top of Stack: (sp=0x0000000108466d30)
0x0000000108466d30:   0000000108466ed8 00000000ffffffce
0x0000000108466d40:   0000000000000032 0000000108466ed8
0x0000000108466d50:   0000000108466d70 00007ff02354e7c0
0x0000000108466d60:   00007ff02377ca30 00007ff02354e7c0
0x0000000108466d70:   00007ff0238f1600 000000000000f6c0
0x0000000108466d80:   000000007da92a8f 00007ff02349d510
0x0000000108466d90:   0000000108466df0 0000000106b5c554
0x0000000108466da0:   0000000108466e39 0000000108466e38
0x0000000108466db0:   0000002900000000 0000002a01804000
0x0000000108466dc0:   0000000108466e0e 0000000108467258
0x0000000108466dd0:   000000000000002a 0000000108466e0e
0x0000000108466de0:   00007ff02354e7c0 00007ff0248041f8
0x0000000108466df0:   0000000108467240 0000000106b5b34f
0x0000000108466e00:   0000000000000037 726f000100000001
0x0000000108466e10:   6e6f687479702f67 6f432f6c6974752f
0x0000000108466e20:   706e49656c6f736e 6d61657274537475
0x0000000108466e30:   7373616c632e3124 0000000108466f00
0x0000000108466e40:   00000001079c5099 0000000000000001
0x0000000108466e50:   0000000108467280 00007fff8bec5ecd
0x0000000108466e60:   0000000000000000 0000000000000032
0x0000000108466e70:   00000032079ba261 0000000108467920
0x0000000108466e80:   00007fff75cac6b8 00000000ffffffff
0x0000000108466e90:   0000000100000000 000000371da52600
0x0000000108466ea0:   0000000000000001 00000001079f1668
0x0000000108466eb0:   ffffffc906bbf810 0000000000000001
0x0000000108466ec0:   00000007b7271648 000000010875b8c2
0x0000000108466ed0:   00000007b72714a0 0000000f00000000
0x0000000108466ee0:   00000007b7271630 0000000108893f9c
0x0000000108466ef0:   00000007b767fd90 00000007b7271630
0x0000000108466f00:   0000000108467688 0000000000000002
0x0000000108466f10:   0000000108467360 0000000000000000
0x0000000108466f20:   00000007b767f9d0 00000001085faffc 

Instructions: (pc=0x0000000106b5beb9)
0x0000000106b5be99:   49 8b 7f 38 e8 50 1b 00 00 4d 89 77 38 49 89 5f
0x0000000106b5bea9:   40 4c 89 f0 48 85 c0 0f 84 11 05 00 00 48 89 c3
0x0000000106b5beb9:   0f b6 43 0c 0f b6 4b 0d 48 c1 e1 08 48 01 c1 0f
0x0000000106b5bec9:   b6 43 0e 0f b6 53 0f 48 c1 e2 08 48 01 c2 48 c1 

Register to memory mapping:

RAX=0x00007ff02354e7c0 is an unknown value
RBX=0x000000011cbb5ed5 is an unknown value
RCX=0x0000000000000001 is an unknown value
RDX=0x0000000000000708 is an unknown value
RSP=0x0000000108466d30 is pointing into the stack for thread: 0x00007ff024804000
RBP=0x0000000108466d90 is pointing into the stack for thread: 0x00007ff024804000
RSI=0x00007ff023700000 is an unknown value
RDI=0x0000000106a16800 is an unknown value
R8 =0x0000000000000004 is an unknown value
R9 =0x00000000ffffff00 is an unknown value
R10=0x0000000000000003 is an unknown value
R11=0x00007ff023700000 is an unknown value
R12=0x00007ff0238f1600 is an unknown value
R13=0x000000000000f6c0 is an unknown value
R14=0x000000007da92a8f is an unknown value
R15=0x00007ff02349d510 is an unknown value


Stack: [0x000000010836a000,0x000000010846a000],  sp=0x0000000108466d30,  free space=1011k
Native frames: (J=compiled Java code, j=interpreted, Vv=VM code, C=native code)
C  [libzip.dylib+0x2eb9]  newEntry+0x154
C  [libzip.dylib+0x3554]  ZIP_GetEntry2+0xd4
C  [libzip.dylib+0x234f]  Java_java_util_zip_ZipFile_getEntry+0xcf
J 172  java.util.zip.ZipFile.getEntry(J[BZ)J (0 bytes) @ 0x00000001085c500e [0x00000001085c4f40+0xce]
J 1291 C2 sun.misc.URLClassPath$JarLoader.getResource(Ljava/lang/String;Z)Lsun/misc/Resource; (85 bytes) @ 0x00000001088a6bb8 [0x00000001088a6800+0x3b8]

Java frames: (J=compiled Java code, j=interpreted, Vv=VM code)
J 172  java.util.zip.ZipFile.getEntry(J[BZ)J (0 bytes) @ 0x00000001085c4f98 [0x00000001085c4f40+0x58]
J 1291 C2 sun.misc.URLClassPath$JarLoader.getResource(Ljava/lang/String;Z)Lsun/misc/Resource; (85 bytes) @ 0x00000001088a6bb8 [0x00000001088a6800+0x3b8]
J 727 C2 sun.misc.URLClassPath.getResource(Ljava/lang/String;Z)Lsun/misc/Resource; (83 bytes) @ 0x0000000108763634 [0x0000000108763520+0x114]
J 243 C1 java.net.URLClassLoader$1.run()Ljava/lang/Class; (63 bytes) @ 0x00000001085e567c [0x00000001085e5460+0x21c]
J 242 C1 java.net.URLClassLoader$1.run()Ljava/lang/Object; (5 bytes) @ 0x00000001085e3bcc [0x00000001085e3b40+0x8c]
v  ~StubRoutines::call_stub
J 241  java.security.AccessController.doPrivileged(Ljava/security/PrivilegedExceptionAction;Ljava/security/AccessControlContext;)Ljava/lang/Object; (0 bytes) @ 0x00000001085e3823 [0x00000001085e37c0+0x63]
J 206 C1 java.net.URLClassLoader.findClass(Ljava/lang/String;)Ljava/lang/Class; (47 bytes) @ 0x00000001085d7014 [0x00000001085d6e80+0x194]
J 164 C1 java.lang.ClassLoader.loadClass(Ljava/lang/String;Z)Ljava/lang/Class; (122 bytes) @ 0x00000001085bce24 [0x00000001085bc4c0+0x964]
J 236 C1 sun.misc.Launcher$AppClassLoader.loadClass(Ljava/lang/String;Z)Ljava/lang/Class; (85 bytes) @ 0x00000001085e2124 [0x00000001085e1780+0x9a4]
J 235 C1 java.lang.ClassLoader.loadClass(Ljava/lang/String;)Ljava/lang/Class; (7 bytes) @ 0x00000001085e1044 [0x00000001085e0f40+0x104]
v  ~StubRoutines::call_stub
j  org.python.util.ConsoleInputStream.fillBuffer()V+36
j  org.python.util.ConsoleInputStream.read([BII)I+43
j  java.nio.channels.Channels$ReadableByteChannelImpl.read(Ljava/nio/ByteBuffer;)I+84
j  org.python.core.io.StreamIO.readinto(Ljava/nio/ByteBuffer;)I+13
j  org.python.core.io.BufferedReader.peek(I)Ljava/nio/ByteBuffer;+62
j  org.python.core.io.BufferedReader.read1(Ljava/nio/ByteBuffer;)I+20
j  org.python.core.io.TextIOBase.readChunk()I+48
j  org.python.core.io.BinaryIOWrapper.readline(I)Ljava/lang/String;+143
j  org.python.core.io.TextIOWrapper.readline(I)Ljava/lang/String;+9
j  org.python.core.PyFile.file_readline(I)Lorg/python/core/PyString;+13
j  org.python.core.PyFile.readline()Lorg/python/core/PyString;+2
j  org.python.core.__builtin__.readline(Lorg/python/core/PyObject;)Lorg/python/core/PyString;+11
j  org.python.core.__builtin__.raw_input(Lorg/python/core/PyObject;Lorg/python/core/PyObject;)Ljava/lang/String;+27
j  org.python.core.__builtin__.raw_input(Lorg/python/core/PyObject;)Ljava/lang/String;+23
j  org.python.util.InteractiveConsole.raw_input(Lorg/python/core/PyObject;)Ljava/lang/String;+1
j  org.python.util.InteractiveConsole.interact(Ljava/lang/String;Lorg/python/core/PyObject;)V+53
j  org.python.util.jython.run([Ljava/lang/String;)V+1035
j  org.python.util.jython.main([Ljava/lang/String;)V+5
v  ~StubRoutines::call_stub

---------------  P R O C E S S  ---------------

Java Threads: ( => current thread )
  0x00007ff025179000 JavaThread "process reaper" daemon [_thread_blocked, id=19203, stack(0x000000011cf42000,0x000000011cf6a000)]
  0x00007ff0238d5000 JavaThread "Service Thread" daemon [_thread_blocked, id=18179, stack(0x000000011c953000,0x000000011ca53000)]
  0x00007ff02386d000 JavaThread "C1 CompilerThread2" daemon [_thread_blocked, id=17667, stack(0x000000011c850000,0x000000011c950000)]
  0x00007ff02386c000 JavaThread "C2 CompilerThread1" daemon [_thread_blocked, id=17155, stack(0x000000011c74d000,0x000000011c84d000)]
  0x00007ff02386b800 JavaThread "C2 CompilerThread0" daemon [_thread_blocked, id=16643, stack(0x000000011c64a000,0x000000011c74a000)]
  0x00007ff023841800 JavaThread "Signal Dispatcher" daemon [_thread_blocked, id=13331, stack(0x000000011c547000,0x000000011c647000)]
  0x00007ff02383d800 JavaThread "Finalizer" daemon [_thread_blocked, id=11523, stack(0x000000011ab37000,0x000000011ac37000)]
  0x00007ff02383d000 JavaThread "Reference Handler" daemon [_thread_blocked, id=11011, stack(0x000000011aa34000,0x000000011ab34000)]
=>0x00007ff024804000 JavaThread "main" [_thread_in_native, id=4103, stack(0x000000010836a000,0x000000010846a000)]

Other Threads:
  0x00007ff025002000 VMThread [stack: 0x000000011a931000,0x000000011aa31000] [id=10499]
  0x00007ff023876800 WatcherThread [stack: 0x000000011ca56000,0x000000011cb56000] [id=18691]

VM state:not at safepoint (normal execution)

VM Mutex/Monitor currently owned by a thread: None

Heap:
 PSYoungGen      total 38400K, used 35183K [0x00000007b5580000, 0x00000007ba080000, 0x00000007c0000000)
  eden space 33280K, 90% used [0x00000007b5580000,0x00000007b72e3e10,0x00000007b7600000)
  from space 5120K, 99% used [0x00000007b7600000,0x00000007b7af8020,0x00000007b7b00000)
  to   space 5120K, 0% used [0x00000007b9b80000,0x00000007b9b80000,0x00000007ba080000)
 ParOldGen       total 87552K, used 3563K [0x00000007a0000000, 0x00000007a5580000, 0x00000007b5580000)
  object space 87552K, 4% used [0x00000007a0000000,0x00000007a037ad50,0x00000007a5580000)
 Metaspace       used 17917K, capacity 18608K, committed 18688K, reserved 1064960K
  class space    used 3681K, capacity 3780K, committed 3840K, reserved 1048576K

Card table byte_map: [0x000000011782c000,0x000000011792d000] byte_map_base: 0x0000000113b2c000

Marking Bits: (ParMarkBitMap*) 0x0000000107cc27a0
 Begin Bits: [0x0000000117de4000, 0x00000001185e4000)
 End Bits:   [0x00000001185e4000, 0x0000000118de4000)

Polling page: 0x0000000106b4f000

CodeCache: size=245760Kb used=4380Kb max_used=4380Kb free=241379Kb
 bounds [0x000000010846c000, 0x00000001088bc000, 0x000000011746c000]
 total_blobs=1764 nmethods=1313 adapters=365
 compilation: enabled

Compilation events (10 events):
Event: 2.052 Thread 0x00007ff02386d000 nmethod 1309 0x00000001088a2f10 code [0x00000001088a30e0, 0x00000001088a3798]
Event: 2.072 Thread 0x00007ff02386d000 1310       3       org.objectweb.asm.ByteVector::putInt (74 bytes)
Event: 2.073 Thread 0x00007ff02386d000 nmethod 1310 0x00000001088ab2d0 code [0x00000001088ab440, 0x00000001088ab6c8]
Event: 2.074 Thread 0x00007ff02386d000 1311   !   3       java.nio.CharBuffer::wrap (20 bytes)
Event: 2.075 Thread 0x00007ff02386d000 nmethod 1311 0x00000001088aaad0 code [0x00000001088aac60, 0x00000001088ab038]
Event: 2.075 Thread 0x00007ff02386d000 1312       3       java.nio.HeapCharBuffer::<init> (14 bytes)
Event: 2.075 Thread 0x00007ff02386d000 nmethod 1312 0x00000001088b30d0 code [0x00000001088b3240, 0x00000001088b3488]
Event: 8.235 Thread 0x00007ff02386d000 1313       3       java.io.PrintWriter::ensureOpen (18 bytes)
Event: 8.235 Thread 0x00007ff02386d000 nmethod 1313 0x00000001088b35d0 code [0x00000001088b3740, 0x00000001088b3988]
Event: 8.410 Thread 0x00007ff02386d000 1314       3       java.nio.Buffer::<init> (121 bytes)

GC Heap History (2 events):
Event: 1.038 GC heap before
{Heap before GC invocations=1 (full 0):
 PSYoungGen      total 38400K, used 33280K [0x00000007b5580000, 0x00000007b8000000, 0x00000007c0000000)
  eden space 33280K, 100% used [0x00000007b5580000,0x00000007b7600000,0x00000007b7600000)
  from space 5120K, 0% used [0x00000007b7b00000,0x00000007b7b00000,0x00000007b8000000)
  to   space 5120K, 0% used [0x00000007b7600000,0x00000007b7600000,0x00000007b7b00000)
 ParOldGen       total 87552K, used 0K [0x00000007a0000000, 0x00000007a5580000, 0x00000007b5580000)
  object space 87552K, 0% used [0x00000007a0000000,0x00000007a0000000,0x00000007a5580000)
 Metaspace       used 10175K, capacity 10338K, committed 10496K, reserved 1058816K
  class space    used 1947K, capacity 2000K, committed 2048K, reserved 1048576K
Event: 1.049 GC heap after
Heap after GC invocations=1 (full 0):
 PSYoungGen      total 38400K, used 5088K [0x00000007b5580000, 0x00000007ba080000, 0x00000007c0000000)
  eden space 33280K, 0% used [0x00000007b5580000,0x00000007b5580000,0x00000007b7600000)
  from space 5120K, 99% used [0x00000007b7600000,0x00000007b7af8020,0x00000007b7b00000)
  to   space 5120K, 0% used [0x00000007b9b80000,0x00000007b9b80000,0x00000007ba080000)
 ParOldGen       total 87552K, used 3563K [0x00000007a0000000, 0x00000007a5580000, 0x00000007b5580000)
  object space 87552K, 4% used [0x00000007a0000000,0x00000007a037ad50,0x00000007a5580000)
 Metaspace       used 10175K, capacity 10338K, committed 10496K, reserved 1058816K
  class space    used 1947K, capacity 2000K, committed 2048K, reserved 1048576K
}

Deoptimization events (10 events):
Event: 1.269 Thread 0x00007ff024804000 Uncommon trap: reason=class_check action=maybe_recompile pc=0x00000001087add30 method=java.util.concurrent.ConcurrentHashMap.get(Ljava/lang/Object;)Ljava/lang/Object; @ 149
Event: 1.269 Thread 0x00007ff024804000 Uncommon trap: reason=class_check action=maybe_recompile pc=0x00000001087add10 method=java.util.concurrent.ConcurrentHashMap.get(Ljava/lang/Object;)Ljava/lang/Object; @ 73
Event: 1.283 Thread 0x00007ff024804000 Uncommon trap: reason=unstable_if action=reinterpret pc=0x0000000108786e28 method=java.util.concurrent.ConcurrentHashMap.putVal(Ljava/lang/Object;Ljava/lang/Object;Z)Ljava/lang/Object; @ 181
Event: 1.284 Thread 0x00007ff024804000 Uncommon trap: reason=unstable_if action=reinterpret pc=0x0000000108788c70 method=java.util.concurrent.ConcurrentHashMap.addCount(JI)V @ 121
Event: 1.514 Thread 0x00007ff024804000 Uncommon trap: reason=unstable_if action=reinterpret pc=0x000000010879041c method=org.python.core.PyStringMap.__finditem__(Ljava/lang/String;)Lorg/python/core/PyObject; @ 1
Event: 1.658 Thread 0x00007ff024804000 Uncommon trap: reason=unstable_if action=reinterpret pc=0x0000000108764d4c method=java.lang.String.lastIndexOf([CII[CIII)I @ 17
Event: 1.705 Thread 0x00007ff024804000 Uncommon trap: reason=unloaded action=reinterpret pc=0x000000010884f09c method=org.python.core.PyType.fromClass(Ljava/lang/Class;Z)Lorg/python/core/PyType; @ 164
Event: 1.706 Thread 0x00007ff024804000 Uncommon trap: reason=unstable_if action=reinterpret pc=0x00000001086f1e94 method=java.util.HashMap.getNode(ILjava/lang/Object;)Ljava/util/HashMap$Node; @ 129
Event: 1.706 Thread 0x00007ff024804000 Uncommon trap: reason=class_check action=maybe_recompile pc=0x0000000108805404 method=java.util.HashMap.putVal(ILjava/lang/Object;Ljava/lang/Object;ZZ)Ljava/lang/Object; @ 203
Event: 1.706 Thread 0x00007ff024804000 Uncommon trap: reason=unstable_if action=reinterpret pc=0x00000001086f4d70 method=java.util.HashMap.getNode(ILjava/lang/Object;)Ljava/util/HashMap$Node; @ 129

Internal exceptions (10 events):
Event: 1.783 Thread 0x00007ff024804000 Exception <a 'java/io/FileNotFoundException'> (0x00000007b6ad9fd0) thrown at [/Users/java_re/workspace/8-2-build-macosx-x86_64/jdk8u51/3951/hotspot/src/share/vm/prims/jni.cpp, line 709]
Event: 1.783 Thread 0x00007ff024804000 Exception <a 'java/io/FileNotFoundException'> (0x00000007b6adb548) thrown at [/Users/java_re/workspace/8-2-build-macosx-x86_64/jdk8u51/3951/hotspot/src/share/vm/prims/jni.cpp, line 709]
Event: 1.786 Thread 0x00007ff024804000 Exception <a 'java/io/FileNotFoundException'> (0x00000007b6b24eb8) thrown at [/Users/java_re/workspace/8-2-build-macosx-x86_64/jdk8u51/3951/hotspot/src/share/vm/prims/jni.cpp, line 709]
Event: 1.786 Thread 0x00007ff024804000 Exception <a 'java/io/FileNotFoundException'> (0x00000007b6b26848) thrown at [/Users/java_re/workspace/8-2-build-macosx-x86_64/jdk8u51/3951/hotspot/src/share/vm/prims/jni.cpp, line 709]
Event: 1.786 Thread 0x00007ff024804000 Exception <a 'java/io/FileNotFoundException'> (0x00000007b6b28578) thrown at [/Users/java_re/workspace/8-2-build-macosx-x86_64/jdk8u51/3951/hotspot/src/share/vm/prims/jni.cpp, line 709]
Event: 1.787 Thread 0x00007ff024804000 Exception <a 'java/io/FileNotFoundException'> (0x00000007b6b29af0) thrown at [/Users/java_re/workspace/8-2-build-macosx-x86_64/jdk8u51/3951/hotspot/src/share/vm/prims/jni.cpp, line 709]
Event: 1.789 Thread 0x00007ff024804000 Exception <a 'java/io/FileNotFoundException'> (0x00000007b6b63130) thrown at [/Users/java_re/workspace/8-2-build-macosx-x86_64/jdk8u51/3951/hotspot/src/share/vm/prims/jni.cpp, line 709]
Event: 1.789 Thread 0x00007ff024804000 Exception <a 'java/io/FileNotFoundException'> (0x00000007b6b64ac0) thrown at [/Users/java_re/workspace/8-2-build-macosx-x86_64/jdk8u51/3951/hotspot/src/share/vm/prims/jni.cpp, line 709]
Event: 1.789 Thread 0x00007ff024804000 Exception <a 'java/io/FileNotFoundException'> (0x00000007b6b667f0) thrown at [/Users/java_re/workspace/8-2-build-macosx-x86_64/jdk8u51/3951/hotspot/src/share/vm/prims/jni.cpp, line 709]
Event: 1.789 Thread 0x00007ff024804000 Exception <a 'java/io/FileNotFoundException'> (0x00000007b6b67d68) thrown at [/Users/java_re/workspace/8-2-build-macosx-x86_64/jdk8u51/3951/hotspot/src/share/vm/prims/jni.cpp, line 709]

Events (10 events):
Event: 2.069 loading class org/python/compiler/Code
Event: 2.069 loading class org/python/compiler/Code done
Event: 2.071 loading class org/python/core/CodeLoader
Event: 2.071 loading class org/python/core/CodeLoader done
Event: 2.072 loading class org/python/core/PyRunnableBootstrap
Event: 2.072 loading class org/python/core/PyRunnableBootstrap done
Event: 4.129 Executing VM operation: EnableBiasedLocking
Event: 4.129 Executing VM operation: EnableBiasedLocking done
Event: 8.410 loading class org/python/util/ConsoleInputStream$1
Event: 8.410 loading class org/python/util/ConsoleInputStream$1 done


Dynamic libraries:
0x0000000004b65000 	/System/Library/Frameworks/Cocoa.framework/Versions/A/Cocoa
0x0000000004b65000 	/System/Library/Frameworks/Security.framework/Versions/A/Security
0x0000000004b65000 	/System/Library/Frameworks/ApplicationServices.framework/Versions/A/ApplicationServices
0x0000000004b65000 	/usr/lib/libz.1.dylib
0x0000000004b65000 	/usr/lib/libSystem.B.dylib
0x0000000004b65000 	/usr/lib/libobjc.A.dylib
0x0000000004b65000 	/System/Library/Frameworks/CoreFoundation.framework/Versions/A/CoreFoundation
0x0000000004b65000 	/System/Library/Frameworks/Foundation.framework/Versions/C/Foundation
0x0000000004b65000 	/System/Library/Frameworks/AppKit.framework/Versions/C/AppKit
0x0000000004b65000 	/System/Library/Frameworks/CoreData.framework/Versions/A/CoreData
0x0000000004b65000 	/System/Library/PrivateFrameworks/RemoteViewServices.framework/Versions/A/RemoteViewServices
0x0000000004b65000 	/System/Library/PrivateFrameworks/UIFoundation.framework/Versions/A/UIFoundation
0x0000000004b65000 	/System/Library/Frameworks/IOSurface.framework/Versions/A/IOSurface
0x0000000004b65000 	/System/Library/Frameworks/AudioToolbox.framework/Versions/A/AudioToolbox
0x0000000004b65000 	/System/Library/Frameworks/AudioUnit.framework/Versions/A/AudioUnit
0x0000000004b65000 	/System/Library/PrivateFrameworks/DataDetectorsCore.framework/Versions/A/DataDetectorsCore
0x0000000004b65000 	/System/Library/PrivateFrameworks/DesktopServicesPriv.framework/Versions/A/DesktopServicesPriv
0x0000000004b65000 	/System/Library/Frameworks/Carbon.framework/Versions/A/Frameworks/HIToolbox.framework/Versions/A/HIToolbox
0x0000000004b65000 	/System/Library/Frameworks/QuartzCore.framework/Versions/A/QuartzCore
0x0000000004b65000 	/System/Library/Frameworks/Carbon.framework/Versions/A/Frameworks/SpeechRecognition.framework/Versions/A/SpeechRecognition
0x0000000004b65000 	/usr/lib/libauto.dylib
0x0000000004b65000 	/usr/lib/libicucore.A.dylib
0x0000000004b65000 	/usr/lib/libxml2.2.dylib
0x0000000004b65000 	/System/Library/PrivateFrameworks/CoreUI.framework/Versions/A/CoreUI
0x0000000004b65000 	/System/Library/Frameworks/CoreAudio.framework/Versions/A/CoreAudio
0x0000000004b65000 	/System/Library/Frameworks/DiskArbitration.framework/Versions/A/DiskArbitration
0x0000000004b65000 	/usr/lib/liblangid.dylib
0x0000000004b65000 	/System/Library/PrivateFrameworks/MultitouchSupport.framework/Versions/A/MultitouchSupport
0x0000000004b65000 	/System/Library/Frameworks/IOKit.framework/Versions/A/IOKit
0x0000000004b65000 	/usr/lib/libDiagnosticMessagesClient.dylib
0x0000000004b65000 	/System/Library/Frameworks/CoreServices.framework/Versions/A/CoreServices
0x0000000004b65000 	/System/Library/PrivateFrameworks/PerformanceAnalysis.framework/Versions/A/PerformanceAnalysis
0x0000000004b65000 	/System/Library/PrivateFrameworks/GenerationalStorage.framework/Versions/A/GenerationalStorage
0x0000000004b65000 	/System/Library/Frameworks/OpenGL.framework/Versions/A/OpenGL
0x0000000004b65000 	/System/Library/PrivateFrameworks/Sharing.framework/Versions/A/Sharing
0x0000000004b65000 	/System/Library/Frameworks/CoreGraphics.framework/Versions/A/CoreGraphics
0x0000000004b65000 	/System/Library/Frameworks/CoreText.framework/Versions/A/CoreText
0x0000000004b65000 	/System/Library/Frameworks/ImageIO.framework/Versions/A/ImageIO
0x0000000004b65000 	/usr/lib/libextension.dylib
0x0000000004b65000 	/System/Library/PrivateFrameworks/Backup.framework/Versions/A/Backup
0x0000000004b65000 	/usr/lib/libarchive.2.dylib
0x0000000004b65000 	/System/Library/Frameworks/CFNetwork.framework/Versions/A/CFNetwork
0x0000000004b65000 	/System/Library/Frameworks/SystemConfiguration.framework/Versions/A/SystemConfiguration
0x0000000004b65000 	/usr/lib/libCRFSuite.dylib
0x0000000004b65000 	/usr/lib/libc++.1.dylib
0x0000000004b65000 	/usr/lib/libc++abi.dylib
0x0000000004b65000 	/usr/lib/system/libcache.dylib
0x0000000004b65000 	/usr/lib/system/libcommonCrypto.dylib
0x0000000004b65000 	/usr/lib/system/libcompiler_rt.dylib
0x0000000004b65000 	/usr/lib/system/libcopyfile.dylib
0x0000000004b65000 	/usr/lib/system/libcorecrypto.dylib
0x0000000004b65000 	/usr/lib/system/libdispatch.dylib
0x0000000004b65000 	/usr/lib/system/libdyld.dylib
0x0000000004b65000 	/usr/lib/system/libkeymgr.dylib
0x0000000004b65000 	/usr/lib/system/liblaunch.dylib
0x0000000004b65000 	/usr/lib/system/libmacho.dylib
0x0000000004b65000 	/usr/lib/system/libquarantine.dylib
0x0000000004b65000 	/usr/lib/system/libremovefile.dylib
0x0000000004b65000 	/usr/lib/system/libsystem_asl.dylib
0x0000000004b65000 	/usr/lib/system/libsystem_blocks.dylib
0x0000000004b65000 	/usr/lib/system/libsystem_c.dylib
0x0000000004b65000 	/usr/lib/system/libsystem_configuration.dylib
0x0000000004b65000 	/usr/lib/system/libsystem_coreservices.dylib
0x0000000004b65000 	/usr/lib/system/libsystem_coretls.dylib
0x0000000004b65000 	/usr/lib/system/libsystem_dnssd.dylib
0x0000000004b65000 	/usr/lib/system/libsystem_info.dylib
0x0000000004b65000 	/usr/lib/system/libsystem_kernel.dylib
0x0000000004b65000 	/usr/lib/system/libsystem_m.dylib
0x0000000004b65000 	/usr/lib/system/libsystem_malloc.dylib
0x0000000004b65000 	/usr/lib/system/libsystem_network.dylib
0x0000000004b65000 	/usr/lib/system/libsystem_networkextension.dylib
0x0000000004b65000 	/usr/lib/system/libsystem_notify.dylib
0x0000000004b65000 	/usr/lib/system/libsystem_platform.dylib
0x0000000004b65000 	/usr/lib/system/libsystem_pthread.dylib
0x0000000004b65000 	/usr/lib/system/libsystem_sandbox.dylib
0x0000000004b65000 	/usr/lib/system/libsystem_secinit.dylib
0x0000000004b65000 	/usr/lib/system/libsystem_stats.dylib
0x0000000004b65000 	/usr/lib/system/libsystem_trace.dylib
0x0000000004b65000 	/usr/lib/system/libunc.dylib
0x0000000004b65000 	/usr/lib/system/libunwind.dylib
0x0000000004b65000 	/usr/lib/system/libxpc.dylib
0x0000000004b65000 	/usr/lib/libbz2.1.0.dylib
0x0000000004b65000 	/usr/lib/liblzma.5.dylib
0x0000000004b65000 	/usr/lib/libbsm.0.dylib
0x0000000004b65000 	/usr/lib/libsqlite3.dylib
0x0000000004b65000 	/usr/lib/system/libkxld.dylib
0x0000000004b65000 	/usr/lib/libxar.1.dylib
0x0000000004b65000 	/usr/lib/libpam.2.dylib
0x0000000004b65000 	/usr/lib/libOpenScriptingUtil.dylib
0x0000000004b65000 	/System/Library/Frameworks/CoreServices.framework/Versions/A/Frameworks/FSEvents.framework/Versions/A/FSEvents
0x0000000004b65000 	/System/Library/Frameworks/CoreServices.framework/Versions/A/Frameworks/CarbonCore.framework/Versions/A/CarbonCore
0x0000000004b65000 	/System/Library/Frameworks/CoreServices.framework/Versions/A/Frameworks/Metadata.framework/Versions/A/Metadata
0x0000000004b65000 	/System/Library/Frameworks/CoreServices.framework/Versions/A/Frameworks/OSServices.framework/Versions/A/OSServices
0x0000000004b65000 	/System/Library/Frameworks/CoreServices.framework/Versions/A/Frameworks/SearchKit.framework/Versions/A/SearchKit
0x0000000004b65000 	/System/Library/Frameworks/CoreServices.framework/Versions/A/Frameworks/AE.framework/Versions/A/AE
0x0000000004b65000 	/System/Library/Frameworks/CoreServices.framework/Versions/A/Frameworks/LaunchServices.framework/Versions/A/LaunchServices
0x0000000004b65000 	/System/Library/Frameworks/CoreServices.framework/Versions/A/Frameworks/DictionaryServices.framework/Versions/A/DictionaryServices
0x0000000004b65000 	/System/Library/Frameworks/NetFS.framework/Versions/A/NetFS
0x0000000004b65000 	/System/Library/PrivateFrameworks/NetAuth.framework/Versions/A/NetAuth
0x0000000004b65000 	/System/Library/PrivateFrameworks/login.framework/Versions/A/Frameworks/loginsupport.framework/Versions/A/loginsupport
0x0000000004b65000 	/System/Library/PrivateFrameworks/TCC.framework/Versions/A/TCC
0x0000000004b65000 	/usr/lib/libmecabra.dylib
0x0000000004b65000 	/System/Library/Frameworks/ApplicationServices.framework/Versions/A/Frameworks/ATS.framework/Versions/A/ATS
0x0000000004b65000 	/System/Library/Frameworks/ApplicationServices.framework/Versions/A/Frameworks/ColorSync.framework/Versions/A/ColorSync
0x0000000004b65000 	/System/Library/Frameworks/ApplicationServices.framework/Versions/A/Frameworks/HIServices.framework/Versions/A/HIServices
0x0000000004b65000 	/System/Library/Frameworks/ApplicationServices.framework/Versions/A/Frameworks/LangAnalysis.framework/Versions/A/LangAnalysis
0x0000000004b65000 	/System/Library/Frameworks/ApplicationServices.framework/Versions/A/Frameworks/PrintCore.framework/Versions/A/PrintCore
0x0000000004b65000 	/System/Library/Frameworks/ApplicationServices.framework/Versions/A/Frameworks/QD.framework/Versions/A/QD
0x0000000004b65000 	/System/Library/Frameworks/ApplicationServices.framework/Versions/A/Frameworks/SpeechSynthesis.framework/Versions/A/SpeechSynthesis
0x0000000004b65000 	/System/Library/Frameworks/Accelerate.framework/Versions/A/Accelerate
0x0000000004b65000 	/System/Library/Frameworks/Accelerate.framework/Versions/A/Frameworks/vImage.framework/Versions/A/vImage
0x0000000004b65000 	/System/Library/Frameworks/Accelerate.framework/Versions/A/Frameworks/vecLib.framework/Versions/A/vecLib
0x0000000004b65000 	/System/Library/Frameworks/Accelerate.framework/Versions/A/Frameworks/vecLib.framework/Versions/A/libvDSP.dylib
0x0000000004b65000 	/System/Library/Frameworks/Accelerate.framework/Versions/A/Frameworks/vecLib.framework/Versions/A/libvMisc.dylib
0x0000000004b65000 	/System/Library/Frameworks/Accelerate.framework/Versions/A/Frameworks/vecLib.framework/Versions/A/libLAPACK.dylib
0x0000000004b65000 	/System/Library/Frameworks/Accelerate.framework/Versions/A/Frameworks/vecLib.framework/Versions/A/libBLAS.dylib
0x0000000004b65000 	/System/Library/Frameworks/Accelerate.framework/Versions/A/Frameworks/vecLib.framework/Versions/A/libLinearAlgebra.dylib
0x0000000004b65000 	/System/Library/Frameworks/ApplicationServices.framework/Versions/A/Frameworks/ATS.framework/Versions/A/Resources/libFontParser.dylib
0x0000000004b65000 	/System/Library/Frameworks/ApplicationServices.framework/Versions/A/Frameworks/ATS.framework/Versions/A/Resources/libFontRegistry.dylib
0x0000000004b65000 	/System/Library/PrivateFrameworks/AppleVPA.framework/Versions/A/AppleVPA
0x0000000004b65000 	/System/Library/PrivateFrameworks/AppleJPEG.framework/Versions/A/AppleJPEG
0x0000000004b65000 	/System/Library/Frameworks/ImageIO.framework/Versions/A/Resources/libJPEG.dylib
0x0000000004b65000 	/System/Library/Frameworks/ImageIO.framework/Versions/A/Resources/libTIFF.dylib
0x0000000004b65000 	/System/Library/Frameworks/ImageIO.framework/Versions/A/Resources/libPng.dylib
0x0000000004b65000 	/System/Library/Frameworks/ImageIO.framework/Versions/A/Resources/libGIF.dylib
0x0000000004b65000 	/System/Library/Frameworks/ImageIO.framework/Versions/A/Resources/libJP2.dylib
0x0000000004b65000 	/System/Library/Frameworks/ImageIO.framework/Versions/A/Resources/libRadiance.dylib
0x0000000004b65000 	/System/Library/Frameworks/CoreVideo.framework/Versions/A/CoreVideo
0x0000000004b65000 	/System/Library/Frameworks/OpenGL.framework/Versions/A/Libraries/libGLU.dylib
0x0000000004b65000 	/System/Library/Frameworks/OpenGL.framework/Versions/A/Libraries/libGFXShared.dylib
0x0000000004b65000 	/System/Library/Frameworks/OpenGL.framework/Versions/A/Libraries/libGL.dylib
0x0000000004b65000 	/System/Library/Frameworks/OpenGL.framework/Versions/A/Libraries/libGLImage.dylib
0x0000000004b65000 	/System/Library/Frameworks/OpenGL.framework/Versions/A/Libraries/libCVMSPluginSupport.dylib
0x0000000004b65000 	/System/Library/Frameworks/OpenGL.framework/Versions/A/Libraries/libCoreVMClient.dylib
0x0000000004b65000 	/usr/lib/libcups.2.dylib
0x0000000004b65000 	/System/Library/Frameworks/Kerberos.framework/Versions/A/Kerberos
0x0000000004b65000 	/System/Library/Frameworks/GSS.framework/Versions/A/GSS
0x0000000004b65000 	/usr/lib/libresolv.9.dylib
0x0000000004b65000 	/usr/lib/libiconv.2.dylib
0x0000000004b65000 	/System/Library/PrivateFrameworks/Heimdal.framework/Versions/A/Heimdal
0x0000000004b65000 	/usr/lib/libheimdal-asn1.dylib
0x0000000004b65000 	/System/Library/Frameworks/OpenDirectory.framework/Versions/A/OpenDirectory
0x0000000004b65000 	/System/Library/PrivateFrameworks/CommonAuth.framework/Versions/A/CommonAuth
0x0000000004b65000 	/System/Library/Frameworks/OpenDirectory.framework/Versions/A/Frameworks/CFOpenDirectory.framework/Versions/A/CFOpenDirectory
0x0000000004b65000 	/System/Library/Frameworks/SecurityFoundation.framework/Versions/A/SecurityFoundation
0x0000000004b65000 	/System/Library/PrivateFrameworks/LanguageModeling.framework/Versions/A/LanguageModeling
0x0000000004b65000 	/usr/lib/libcmph.dylib
0x0000000004b65000 	/System/Library/Frameworks/ServiceManagement.framework/Versions/A/ServiceManagement
0x0000000004b65000 	/usr/lib/libxslt.1.dylib
0x0000000004b65000 	/System/Library/Frameworks/Carbon.framework/Versions/A/Frameworks/Ink.framework/Versions/A/Ink
0x0000000004b65000 	/System/Library/Frameworks/QuartzCore.framework/Versions/A/Frameworks/CoreImage.framework/Versions/A/CoreImage
0x0000000004b65000 	/System/Library/PrivateFrameworks/CrashReporterSupport.framework/Versions/A/CrashReporterSupport
0x0000000004b65000 	/System/Library/Frameworks/OpenCL.framework/Versions/A/OpenCL
0x0000000004b65000 	/System/Library/PrivateFrameworks/FaceCore.framework/Versions/A/FaceCore
0x0000000004b65000 	/System/Library/PrivateFrameworks/Ubiquity.framework/Versions/A/Ubiquity
0x0000000004b65000 	/System/Library/PrivateFrameworks/IconServices.framework/Versions/A/IconServices
0x0000000004b65000 	/System/Library/PrivateFrameworks/ChunkingLibrary.framework/Versions/A/ChunkingLibrary
0x0000000004b65000 	/System/Library/PrivateFrameworks/Apple80211.framework/Versions/A/Apple80211
0x0000000004b65000 	/System/Library/Frameworks/CoreWLAN.framework/Versions/A/CoreWLAN
0x0000000004b65000 	/System/Library/Frameworks/IOBluetooth.framework/Versions/A/IOBluetooth
0x0000000004b65000 	/System/Library/PrivateFrameworks/CoreWiFi.framework/Versions/A/CoreWiFi
0x0000000004b65000 	/System/Library/Frameworks/CoreBluetooth.framework/Versions/A/CoreBluetooth
0x0000000004b65000 	/System/Library/PrivateFrameworks/DebugSymbols.framework/Versions/A/DebugSymbols
0x0000000004b65000 	/System/Library/PrivateFrameworks/CoreSymbolication.framework/Versions/A/CoreSymbolication
0x0000000004b65000 	/System/Library/PrivateFrameworks/Symbolication.framework/Versions/A/Symbolication
0x0000000004b65000 	/System/Library/PrivateFrameworks/SpeechRecognitionCore.framework/Versions/A/SpeechRecognitionCore
0x0000000107400000 	/Library/Java/JavaVirtualMachines/jdk1.8.0_51.jdk/Contents/Home/jre/lib/server/libjvm.dylib
0x0000000004b65000 	/usr/lib/libstdc++.6.dylib
0x0000000106b0c000 	/Library/Java/JavaVirtualMachines/jdk1.8.0_51.jdk/Contents/Home/jre/lib/libverify.dylib
0x0000000106b1a000 	/Library/Java/JavaVirtualMachines/jdk1.8.0_51.jdk/Contents/Home/jre/lib/libjava.dylib
0x0000000106b59000 	/Library/Java/JavaVirtualMachines/jdk1.8.0_51.jdk/Contents/Home/jre/lib/libzip.dylib
0x000000011ac39000 	/System/Library/Frameworks/JavaVM.framework/Frameworks/JavaRuntimeSupport.framework/JavaRuntimeSupport
0x000000011ac4f000 	/System/Library/Frameworks/JavaVM.framework/Versions/A/Frameworks/JavaNativeFoundation.framework/Versions/A/JavaNativeFoundation
0x0000000106bf0000 	/System/Library/Frameworks/JavaVM.framework/Versions/A/JavaVM
0x0000000004b65000 	/System/Library/Frameworks/Carbon.framework/Versions/A/Carbon
0x000000011ac63000 	/System/Library/PrivateFrameworks/JavaLaunching.framework/Versions/A/JavaLaunching
0x0000000004b65000 	/System/Library/Frameworks/Carbon.framework/Versions/A/Frameworks/CommonPanels.framework/Versions/A/CommonPanels
0x0000000004b65000 	/System/Library/Frameworks/Carbon.framework/Versions/A/Frameworks/Help.framework/Versions/A/Help
0x0000000004b65000 	/System/Library/Frameworks/Carbon.framework/Versions/A/Frameworks/ImageCapture.framework/Versions/A/ImageCapture
0x0000000004b65000 	/System/Library/Frameworks/Carbon.framework/Versions/A/Frameworks/OpenScripting.framework/Versions/A/OpenScripting
0x0000000004b65000 	/System/Library/Frameworks/Carbon.framework/Versions/A/Frameworks/Print.framework/Versions/A/Print
0x0000000004b65000 	/System/Library/Frameworks/Carbon.framework/Versions/A/Frameworks/SecurityHI.framework/Versions/A/SecurityHI
0x000000011d0a2000 	/Library/Java/JavaVirtualMachines/jdk1.8.0_51.jdk/Contents/Home/jre/lib/libnet.dylib
0x000000011d0b9000 	/Library/Java/JavaVirtualMachines/jdk1.8.0_51.jdk/Contents/Home/jre/lib/libnio.dylib
0x000000011d0c9000 	/private/var/folders/pj/vcgb7xwd7c5_6dbkx56r14gc0000gn/T/jffi2048184856061048551.tmp

VM Arguments:
jvm_args: -Xmx512m -Xss1024k -Dfile.encoding=UTF-8 -Dpython.home=dist -Dpython.executable=dist/bin/jython 
java_command: org.python.util.jython
java_class_path (initial): dist/jython-dev.jar:dist/javalib/agraph-5.0.jar:dist/javalib/antlr-2.7.7.jar:dist/javalib/antlr-3.1.3.jar:dist/javalib/antlr-runtime-3.1.3.jar:dist/javalib/asm-4.0.jar:dist/javalib/asm-commons-4.0.jar:dist/javalib/asm-util-4.0.jar:dist/javalib/batches.jar:dist/javalib/commons-codec-1.3.jar:dist/javalib/commons-compress-1.4.1.jar:dist/javalib/commons-httpclient-3.1.jar:dist/javalib/commons-io-2.4.jar:dist/javalib/commons-lang-2.2.jar:dist/javalib/commons-lang3-3.0.jar:dist/javalib/commons-logging-1.1.1.jar:dist/javalib/commons-pool-1.5.6.jar:dist/javalib/cyphersim-0.0.1-SNAPSHOT-jar-with-dependencies.jar:dist/javalib/guava-13.0.1.jar:dist/javalib/guava-15.0.jar:dist/javalib/icu4j-52_1.jar:dist/javalib/jarjar-0.7.jar:dist/javalib/jena-arq-2.11.1.jar:dist/javalib/jena-core-2.11.1.jar:dist/javalib/jena-iri-1.0.1.jar:dist/javalib/jffi-1.2.6.jar:dist/javalib/jffi-Darwin.jar:dist/javalib/jffi-arm-Linux.jar:dist/javalib/jffi-i386-FreeBSD.jar:dist/javalib/jffi-i386-Linux.jar:dist/javalib/jffi-i386-OpenBSD.jar:dist/javalib/jffi-i386-SunOS.jar:dist/javalib/jffi-i386-Windows.jar:dist/javalib/jffi-ppc-AIX.jar:dist/javalib/jffi-ppc-Linux.jar:dist/javalib/jffi-ppc64-Linux.jar:dist/javalib/jffi-s390x-Linux.jar:dist/javalib/jffi-sparc-SunOS.jar:dist/javalib/jffi-sparcv9-SunOS.jar:dist/javalib/jffi-x86_64-FreeBSD.jar:dist/javalib/jffi-x86_64-Linux.jar:dist/javalib/jffi-x86_64-OpenBSD.jar:dist/javalib/jffi-x86_64-SunOS.jar:dist/javalib/jffi-x86_64-Windows.jar:dist/javalib/jline-1.0.jar:dist/javalib/jnr-constants-0.8.4.jar:dist/javalib/jnr-ffi-0.7.10.jar:dist/javalib/jnr-netdb-1.1.1.jar:dist/javalib/jnr-posix-2.4.0.jar:dist/javalib/json.jar:dist/javalib/jsqlparser.jar:dist/javalib/junit-4.10.jar:dist/javalib/libreadline-java-0.8.jar:dist/javalib/livetribe-jsr223-2.0.6.jar:dist/javalib/log4j-1.2.16.jar:dist/javalib/mysql-connector-java-5.1.6.jar:dist/javalib/ojdbc6.jar:dist/javalib/openrdf-sesame-2.7.11-onejar.jar:dist/javalib/postgresql-8.3-603.jdbc4.jar:di
Launcher Type: SUN_STANDARD

Environment Variables:
PATH=/opt/local/bin:/opt/local/sbin:/Users/marek5050/anaconda3/anaconda/bin:/Users/marek5050/anaconda/bin:/usr/local/bin:/usr/bin:/bin:/usr/sbin:/sbin:/Library/TeX/texbin
SHELL=/bin/bash

Signal Handlers:
SIGSEGV: [libjvm.dylib+0x58ef35], sa_mask[0]=11111111011111110111111111111111, sa_flags=SA_ONSTACK|SA_RESTART|SA_SIGINFO
SIGBUS: [libjvm.dylib+0x58ef35], sa_mask[0]=11111111011111110111111111111111, sa_flags=SA_RESTART|SA_SIGINFO
SIGFPE: [libjvm.dylib+0x46c028], sa_mask[0]=11111111011111110111111111111111, sa_flags=SA_RESTART|SA_SIGINFO
SIGPIPE: [libjvm.dylib+0x46c028], sa_mask[0]=11111111011111110111111111111111, sa_flags=SA_RESTART|SA_SIGINFO
SIGXFSZ: [libjvm.dylib+0x46c028], sa_mask[0]=11111111011111110111111111111111, sa_flags=SA_RESTART|SA_SIGINFO
SIGILL: [libjvm.dylib+0x46c028], sa_mask[0]=11111111011111110111111111111111, sa_flags=SA_RESTART|SA_SIGINFO
SIGUSR1: SIG_DFL, sa_mask[0]=11011111011111100000000111000110, sa_flags=none
SIGUSR2: [libjvm.dylib+0x46bb46], sa_mask[0]=00100000000000000000000000000000, sa_flags=SA_RESTART|SA_SIGINFO
SIGHUP: [libjvm.dylib+0x46a119], sa_mask[0]=11111111011111110111111111111111, sa_flags=SA_RESTART|SA_SIGINFO
SIGINT: [libjvm.dylib+0x46a119], sa_mask[0]=11111111011111110111111111111111, sa_flags=SA_RESTART|SA_SIGINFO
SIGTERM: [libjvm.dylib+0x46a119], sa_mask[0]=11111111011111110111111111111111, sa_flags=SA_RESTART|SA_SIGINFO
SIGQUIT: [libjvm.dylib+0x46a119], sa_mask[0]=11111111011111110111111111111111, sa_flags=SA_RESTART|SA_SIGINFO


---------------  S Y S T E M  ---------------

OS:Bsduname:Darwin 14.5.0 Darwin Kernel Version 14.5.0: Wed Jul 29 02:26:53 PDT 2015; root:xnu-2782.40.9~1/RELEASE_X86_64 x86_64
rlimit: STACK 8192k, CORE 0k, NPROC 709, NOFILE 10240, AS infinity
load average:1.86 2.39 2.74

CPU:total 4 (2 cores per cpu, 2 threads per core) family 6 model 61 stepping 4, cmov, cx8, fxsr, mmx, sse, sse2, sse3, ssse3, sse4.1, sse4.2, popcnt, avx, avx2, aes, clmul, erms, rtm, 3dnowpref, lzcnt, ht, tsc, tscinvbit, bmi1, bmi2, adx

Memory: 4k page, physical 8388608k(971408k free)

/proc/meminfo:


vm_info: Java HotSpot(TM) 64-Bit Server VM (25.51-b03) for bsd-amd64 JRE (1.8.0_51-b16), built on Jun  8 2015 18:01:11 by "java_re" with gcc 4.2.1 (Based on Apple Inc. build 5658) (LLVM build 2336.11.00)

time: Mon Nov 16 21:29:45 2015
elapsed time: 8 seconds (0d 0h 0m 8s)

